2020-02-01 11:32:16.007 DEBUG [main] com.asoiu.simbigraph.Main:main(Main.java:50) Input arguments: -f graphs/p2p-Gnutella08.net -op dr -t 4 
2020-02-01 11:32:16.023  INFO [main] com.asoiu.simbigraph.Main:initGraph(Main.java:135) Loading graph from graphs/p2p-Gnutella08.net file.
2020-02-01 11:32:16.132  INFO [main] com.asoiu.simbigraph.Main:initGraph(Main.java:139) Graph successfully loaded in 113 ms.
2020-02-01 11:32:16.147  INFO [main] com.asoiu.simbigraph.Main:main(Main.java:62) Vertices = 6301.
2020-02-01 11:32:16.147  INFO [main] com.asoiu.simbigraph.Main:main(Main.java:63) Edges = 20777.
2020-02-01 11:32:16.163  INFO [main] com.asoiu.simbigraph.Main:main(Main.java:88) Diameter = 0. Radius = 0.
2020-02-01 11:32:16.163  INFO [main] com.asoiu.simbigraph.Main:main(Main.java:93) Elapsed time = 20 ms.
2020-02-01 11:32:17.086 DEBUG [main] com.asoiu.simbigraph.Main:main(Main.java:50) Input arguments: -f graphs/p2p-Gnutella31.net -op dr,3scfe,3scs,4scfe,4scs -r 100000 -t 4 
2020-02-01 11:32:17.102  INFO [main] com.asoiu.simbigraph.Main:initGraph(Main.java:135) Loading graph from graphs/p2p-Gnutella31.net file.
2020-02-01 11:32:17.523  INFO [main] com.asoiu.simbigraph.Main:initGraph(Main.java:139) Graph successfully loaded in 425 ms.
2020-02-01 11:32:17.523  INFO [main] com.asoiu.simbigraph.Main:main(Main.java:62) Vertices = 62586.
2020-02-01 11:32:17.523  INFO [main] com.asoiu.simbigraph.Main:main(Main.java:63) Edges = 147892.
2020-02-01 11:32:17.586  INFO [main] com.asoiu.simbigraph.Main:main(Main.java:88) Diameter = 0. Radius = 0.
2020-02-01 11:32:17.586  INFO [main] com.asoiu.simbigraph.Main:main(Main.java:93) Elapsed time = 62 ms.
2020-02-01 11:32:17.851  INFO [main] com.asoiu.simbigraph.Main:main(Main.java:88) Number of forks = 1562102(99,871%). Number of triangles = 2024(0,129%).
2020-02-01 11:32:17.882  INFO [main] com.asoiu.simbigraph.Main:main(Main.java:93) Elapsed time = 298 ms.
2020-02-01 11:32:18.069  INFO [main] com.asoiu.simbigraph.Main:main(Main.java:88) Number of forks = 1562450(99,878%). Number of triangles = 1907(0,122%).
2020-02-01 11:32:18.069  INFO [main] com.asoiu.simbigraph.Main:main(Main.java:93) Elapsed time = 176 ms.
2020-02-01 11:32:22.931  INFO [main] com.asoiu.simbigraph.Main:main(Main.java:88) Number of subgraphs4_1 = 8099454(34,252%). Number of subgraphs4_2 = 15433693(65,269%). Number of subgraphs4_3 = 70819(0,299%). Number of subgraphs4_4 = 41592(0,176%). Number of subgraphs4_5 = 826(0,003%). Number of subgraphs4_6 = 16(0,000%).
2020-02-01 11:32:22.935  INFO [main] com.asoiu.simbigraph.Main:main(Main.java:93) Elapsed time = 4 sec 861 ms.
2020-02-01 11:32:24.443  INFO [main] com.asoiu.simbigraph.Main:main(Main.java:88) Number of subgraphs4_1 = 8101546(34,261%). Number of subgraphs4_2 = 15430456(65,255%). Number of subgraphs4_3 = 70888(0,300%). Number of subgraphs4_4 = 42611(0,180%). Number of subgraphs4_5 = 761(0,003%). Number of subgraphs4_6 = 39(0,000%).
2020-02-01 11:32:24.443  INFO [main] com.asoiu.simbigraph.Main:main(Main.java:93) Elapsed time = 1 sec 516 ms.
2020-02-01 11:32:25.288 DEBUG [main] com.asoiu.simbigraph.Main:main(Main.java:50) Input arguments: -f graphs/roadNet-PA.net -op 3scfe,3scs,4scfe,4scs -r 100000 -t 4 
2020-02-01 11:32:25.304  INFO [main] com.asoiu.simbigraph.Main:initGraph(Main.java:135) Loading graph from graphs/roadNet-PA.net file.
2020-02-01 11:32:28.352  INFO [main] com.asoiu.simbigraph.Main:initGraph(Main.java:139) Graph successfully loaded in 3 sec 40 ms.
2020-02-01 11:32:28.352  INFO [main] com.asoiu.simbigraph.Main:main(Main.java:62) Vertices = 1090920.
2020-02-01 11:32:28.352  INFO [main] com.asoiu.simbigraph.Main:main(Main.java:63) Edges = 1541898.
2020-02-01 11:32:28.648  INFO [main] com.asoiu.simbigraph.Main:main(Main.java:88) Number of forks = 3189217(97,938%). Number of triangles = 67150(2,062%).
2020-02-01 11:32:28.648  INFO [main] com.asoiu.simbigraph.Main:main(Main.java:93) Elapsed time = 304 ms.
2020-02-01 11:32:28.944  INFO [main] com.asoiu.simbigraph.Main:main(Main.java:88) Number of forks = 3192177(97,969%). Number of triangles = 66163(2,031%).
2020-02-01 11:32:28.944  INFO [main] com.asoiu.simbigraph.Main:main(Main.java:93) Elapsed time = 284 ms.
2020-02-01 11:32:32.376  INFO [main] com.asoiu.simbigraph.Main:main(Main.java:88) Number of subgraphs4_1 = 1401346(17,504%). Number of subgraphs4_2 = 6151905(76,841%). Number of subgraphs4_3 = 295010(3,685%). Number of subgraphs4_4 = 152007(1,899%). Number of subgraphs4_5 = 5732(0,072%). Number of subgraphs4_6 = 21(0,000%).
2020-02-01 11:32:32.376  INFO [main] com.asoiu.simbigraph.Main:main(Main.java:93) Elapsed time = 3 sec 438 ms.
2020-02-01 11:32:33.218  INFO [main] com.asoiu.simbigraph.Main:main(Main.java:88) Number of subgraphs4_1 = 1402599(17,493%). Number of subgraphs4_2 = 6168518(76,931%). Number of subgraphs4_3 = 292631(3,650%). Number of subgraphs4_4 = 148952(1,858%). Number of subgraphs4_5 = 5550(0,069%). Number of subgraphs4_6 = 18(0,000%).
2020-02-01 11:32:33.218  INFO [main] com.asoiu.simbigraph.Main:main(Main.java:93) Elapsed time = 843 ms.
2020-02-01 11:32:38.115 DEBUG [main] com.asoiu.simbigraph.Main:main(Main.java:50) Input arguments: -f graphs/com-dblp.ungraph.net -op 3scfe,3scs,4scfe,4scs -r 100000 -t 4 
2020-02-01 11:32:38.131  INFO [main] com.asoiu.simbigraph.Main:initGraph(Main.java:135) Loading graph from graphs/com-dblp.ungraph.net file.
2020-02-01 11:32:40.191  INFO [main] com.asoiu.simbigraph.Main:initGraph(Main.java:139) Graph successfully loaded in 2 sec 64 ms.
2020-02-01 11:32:40.191  INFO [main] com.asoiu.simbigraph.Main:main(Main.java:62) Vertices = 425957.
2020-02-01 11:32:40.191  INFO [main] com.asoiu.simbigraph.Main:main(Main.java:63) Edges = 1049866.
2020-02-01 11:32:41.501  INFO [main] com.asoiu.simbigraph.Main:main(Main.java:88) Number of forks = 15107734(87,166%). Number of triangles = 2224385(12,834%).
2020-02-01 11:32:41.501  INFO [main] com.asoiu.simbigraph.Main:main(Main.java:93) Elapsed time = 1 sec 309 ms.
2020-02-01 11:32:41.891  INFO [main] com.asoiu.simbigraph.Main:main(Main.java:88) Number of forks = 15113323(87,180%). Number of triangles = 2222521(12,820%).
2020-02-01 11:32:41.891  INFO [main] com.asoiu.simbigraph.Main:main(Main.java:93) Elapsed time = 379 ms.
2020-02-01 13:49:18.501 DEBUG [main] io.github.mnyudina.motifs.Main:main(Main.java:49) Input arguments: -f graphs/my_polBlog.net -op 3scfe,3scs,4scfe,4scs -r 100000 
2020-02-01 13:49:18.523  INFO [main] io.github.mnyudina.motifs.Main:initGraph(Main.java:132) Loading graph from graphs/my_polBlog.net file.
2020-02-01 13:49:18.681  INFO [main] io.github.mnyudina.motifs.Main:initGraph(Main.java:136) Graph successfully loaded in 156 ms.
2020-02-01 13:49:18.681  INFO [main] io.github.mnyudina.motifs.Main:main(Main.java:61) Vertices = 1491.
2020-02-01 13:49:18.682  INFO [main] io.github.mnyudina.motifs.Main:main(Main.java:62) Arcs = 19024.
2020-02-01 13:49:18.693 ERROR [main] io.github.mnyudina.motifs.Main:main(Main.java:87) The parallel version of 3-size subgraphs counter which uses full enumeration algorithm does not work with DIRECTED graph.
2020-02-01 13:49:18.695 DEBUG [main] io.github.mnyudina.motifs.Main:main(Main.java:88) io.github.mnyudina.motifs.exception.UnsupportedEdgeTypeException: The parallel version of 3-size subgraphs counter which uses full enumeration algorithm does not work with DIRECTED graph.
2020-02-01 13:49:18.695  INFO [main] io.github.mnyudina.motifs.Main:main(Main.java:90) Elapsed time = 1 ms.
2020-02-01 13:49:18.695 ERROR [main] io.github.mnyudina.motifs.Main:main(Main.java:87) The parallel version of 3-size subgraphs counter which uses random carcasses sampling algorithm does not work with DIRECTED graph.
2020-02-01 13:49:18.695 DEBUG [main] io.github.mnyudina.motifs.Main:main(Main.java:88) io.github.mnyudina.motifs.exception.UnsupportedEdgeTypeException: The parallel version of 3-size subgraphs counter which uses random carcasses sampling algorithm does not work with DIRECTED graph.
2020-02-01 13:49:18.695  INFO [main] io.github.mnyudina.motifs.Main:main(Main.java:90) Elapsed time = 0 ms.
2020-02-01 13:49:18.696 ERROR [main] io.github.mnyudina.motifs.Main:main(Main.java:87) The parallel version of 4-size subgraphs counter which uses full enumeration algorithm does not work with DIRECTED graph.
2020-02-01 13:49:18.697 DEBUG [main] io.github.mnyudina.motifs.Main:main(Main.java:88) io.github.mnyudina.motifs.exception.UnsupportedEdgeTypeException: The parallel version of 4-size subgraphs counter which uses full enumeration algorithm does not work with DIRECTED graph.
2020-02-01 13:49:18.697  INFO [main] io.github.mnyudina.motifs.Main:main(Main.java:90) Elapsed time = 0 ms.
2020-02-01 13:49:18.697 ERROR [main] io.github.mnyudina.motifs.Main:main(Main.java:87) The parallel version of 4-size subgraphs counter which uses random carcasses sampling algorithm does not work with DIRECTED graph.
2020-02-01 13:49:18.698 DEBUG [main] io.github.mnyudina.motifs.Main:main(Main.java:88) io.github.mnyudina.motifs.exception.UnsupportedEdgeTypeException: The parallel version of 4-size subgraphs counter which uses random carcasses sampling algorithm does not work with DIRECTED graph.
2020-02-01 13:49:18.698  INFO [main] io.github.mnyudina.motifs.Main:main(Main.java:90) Elapsed time = 1 ms.
2020-02-01 13:49:41.627 DEBUG [main] io.github.mnyudina.motifs.Main:main(Main.java:49) Input arguments: -f graphs/my_polBlog.net -op 3scfe,3scs,4scfe,4scs -r 100000 
2020-02-01 13:49:41.635  INFO [main] io.github.mnyudina.motifs.Main:initGraph(Main.java:132) Loading graph from graphs/my_polBlog.net file.
2020-02-01 13:49:41.776  INFO [main] io.github.mnyudina.motifs.Main:initGraph(Main.java:136) Graph successfully loaded in 140 ms.
2020-02-01 13:49:41.777  INFO [main] io.github.mnyudina.motifs.Main:main(Main.java:61) Vertices = 1491.
2020-02-01 13:49:41.777  INFO [main] io.github.mnyudina.motifs.Main:main(Main.java:62) Arcs = 19024.
2020-02-01 13:49:41.780 ERROR [main] io.github.mnyudina.motifs.Main:main(Main.java:87) The parallel version of 3-size subgraphs counter which uses full enumeration algorithm does not work with DIRECTED graph.
2020-02-01 13:49:41.781 DEBUG [main] io.github.mnyudina.motifs.Main:main(Main.java:88) io.github.mnyudina.motifs.exception.UnsupportedEdgeTypeException: The parallel version of 3-size subgraphs counter which uses full enumeration algorithm does not work with DIRECTED graph.
2020-02-01 13:49:41.782  INFO [main] io.github.mnyudina.motifs.Main:main(Main.java:90) Elapsed time = 1 ms.
2020-02-01 13:49:41.782 ERROR [main] io.github.mnyudina.motifs.Main:main(Main.java:87) The parallel version of 3-size subgraphs counter which uses random carcasses sampling algorithm does not work with DIRECTED graph.
2020-02-01 13:49:41.782 DEBUG [main] io.github.mnyudina.motifs.Main:main(Main.java:88) io.github.mnyudina.motifs.exception.UnsupportedEdgeTypeException: The parallel version of 3-size subgraphs counter which uses random carcasses sampling algorithm does not work with DIRECTED graph.
2020-02-01 13:49:41.782  INFO [main] io.github.mnyudina.motifs.Main:main(Main.java:90) Elapsed time = 0 ms.
2020-02-01 13:49:41.783 ERROR [main] io.github.mnyudina.motifs.Main:main(Main.java:87) The parallel version of 4-size subgraphs counter which uses full enumeration algorithm does not work with DIRECTED graph.
2020-02-01 13:49:41.783 DEBUG [main] io.github.mnyudina.motifs.Main:main(Main.java:88) io.github.mnyudina.motifs.exception.UnsupportedEdgeTypeException: The parallel version of 4-size subgraphs counter which uses full enumeration algorithm does not work with DIRECTED graph.
2020-02-01 13:49:41.783  INFO [main] io.github.mnyudina.motifs.Main:main(Main.java:90) Elapsed time = 0 ms.
2020-02-01 13:49:41.783 ERROR [main] io.github.mnyudina.motifs.Main:main(Main.java:87) The parallel version of 4-size subgraphs counter which uses random carcasses sampling algorithm does not work with DIRECTED graph.
2020-02-01 13:49:41.784 DEBUG [main] io.github.mnyudina.motifs.Main:main(Main.java:88) io.github.mnyudina.motifs.exception.UnsupportedEdgeTypeException: The parallel version of 4-size subgraphs counter which uses random carcasses sampling algorithm does not work with DIRECTED graph.
2020-02-01 13:49:41.784  INFO [main] io.github.mnyudina.motifs.Main:main(Main.java:90) Elapsed time = 0 ms.
2020-02-01 14:54:32.978 DEBUG [main] io.github.mnyudina.motifs.Main:main(Main.java:47) Input arguments: -f graphs/my_polBlog.net -op 3scs,4scs -r 100000 
2020-02-01 14:54:32.987  INFO [main] io.github.mnyudina.motifs.Main:initGraph(Main.java:118) Loading graph from graphs/my_polBlog.net file.
2020-02-01 14:54:33.134  INFO [main] io.github.mnyudina.motifs.Main:initGraph(Main.java:122) Graph successfully loaded in 146 ms.
2020-02-01 14:54:33.135  INFO [main] io.github.mnyudina.motifs.Main:main(Main.java:59) Vertices = 1491.
2020-02-01 14:54:33.135  INFO [main] io.github.mnyudina.motifs.Main:main(Main.java:60) Arcs = 19024.
2020-02-01 14:54:33.135  WARN [main] io.github.mnyudina.motifs.Main:main(Main.java:65) No one of available operations has been requested.
2020-02-01 14:55:04.822 DEBUG [main] io.github.mnyudina.motifs.Main:main(Main.java:47) Input arguments: -f graphs/my_polBlog.net -op 3scs,4scs -r 100000 
2020-02-01 14:55:04.832  INFO [main] io.github.mnyudina.motifs.Main:initGraph(Main.java:118) Loading graph from graphs/my_polBlog.net file.
2020-02-01 14:55:04.973  INFO [main] io.github.mnyudina.motifs.Main:initGraph(Main.java:122) Graph successfully loaded in 139 ms.
2020-02-01 14:55:04.974  INFO [main] io.github.mnyudina.motifs.Main:main(Main.java:59) Vertices = 1491.
2020-02-01 14:55:04.974  INFO [main] io.github.mnyudina.motifs.Main:main(Main.java:60) Arcs = 19024.
2020-02-01 14:55:04.974  WARN [main] io.github.mnyudina.motifs.Main:main(Main.java:65) No one of available operations has been requested.
2020-02-01 14:56:06.789 DEBUG [main] io.github.mnyudina.motifs.Main:main(Main.java:47) Input arguments: -f graphs/my_polBlog.net -op 3scs,4scs -r 100000 
2020-02-01 14:56:06.797  INFO [main] io.github.mnyudina.motifs.Main:initGraph(Main.java:118) Loading graph from graphs/my_polBlog.net file.
2020-02-01 14:56:06.972  INFO [main] io.github.mnyudina.motifs.Main:initGraph(Main.java:122) Graph successfully loaded in 174 ms.
2020-02-01 14:56:06.973  INFO [main] io.github.mnyudina.motifs.Main:main(Main.java:59) Vertices = 1491.
2020-02-01 14:56:06.973  INFO [main] io.github.mnyudina.motifs.Main:main(Main.java:60) Arcs = 19024.
2020-02-01 14:56:06.974  WARN [main] io.github.mnyudina.motifs.Main:main(Main.java:65) No one of available operations has been requested.
2020-02-01 15:14:34.547 DEBUG [main] io.github.mnyudina.motifs.Main:main(Main.java:49) Input arguments: -f graphs/my_polBlog.net -op 3scs,4scs -r 100000 
2020-02-01 15:14:34.556  INFO [main] io.github.mnyudina.motifs.Main:initGraph(Main.java:136) Loading graph from graphs/my_polBlog.net file.
2020-02-01 15:14:34.712  INFO [main] io.github.mnyudina.motifs.Main:initGraph(Main.java:140) Graph successfully loaded in 154 ms.
2020-02-01 15:14:34.712  INFO [main] io.github.mnyudina.motifs.Main:main(Main.java:61) Vertices = 1491.
2020-02-01 15:14:34.713  INFO [main] io.github.mnyudina.motifs.Main:main(Main.java:62) Arcs = 19024.
2020-02-01 15:14:35.566  INFO [main] io.github.mnyudina.motifs.Main:main(Main.java:89) RandMSF3Dir
0.0
0.0
30608.0
0.0
7538.0
12497.0
9673.0
2882.3333333333335
1586.0
8839.0
5892.0
32.666666666666664
373.3333333333333
1453.3333333333333
1445.0
545.0

2020-02-01 15:14:35.583  INFO [main] io.github.mnyudina.motifs.Main:main(Main.java:94) Elapsed time = 864 ms.
2020-02-01 15:14:45.931  INFO [main] io.github.mnyudina.motifs.Main:main(Main.java:89) RandMSF4Dir
0.0 
0.0 
0.0 
0.0 
0.0 
0.0 
0.0 
0.0 
0.0 
0.0 
0.0 
0.0 
0.0 
0.0 
0.0 
0.0 
0.0 
0.0 
0.0 
0.0 
0.0 
0.0 
0.0 
0.0 
0.0 
0.0 
0.0 
0.0 
0.0 
0.0 
0.0 
0.0 
0.0 
0.0 
0.0 
0.0 
0.0 
0.0 
0.0 
0.0 
0.0 
0.0 
0.0 
0.0 
0.0 
0.0 
0.0 
0.0 
0.0 
0.0 
0.0 
0.0 
0.0 
0.0 
0.0 
0.0 
0.0 
0.0 
0.0 
0.0 
0.0 
0.0 
0.0 
0.0 
0.0 
0.0 
0.0 
0.0 
0.0 
0.0 
0.0 
0.0 
0.0 
0.0 
0.0 
0.0 
0.0 
0.0 
0.0 
0.0 
0.0 
0.0 
0.0 
0.0 
0.0 
0.0 
0.0 
0.0 
0.0 
0.0 
0.0 
0.0 
0.0 
0.0 
0.0 
0.0 
0.0 
0.0 
0.0 
0.0 
0.0 
0.0 
0.0 
0.0 
0.0 
0.0 
0.0 
0.0 
0.0 
0.0 
0.0 
0.0 
0.0 
0.0 
0.0 
0.0 
0.0 
0.0 
0.0 
0.0 
0.0 
0.0 
0.0 
0.0 
0.0 
0.0 
0.0 
0.0 
0.0 
0.0 
0.0 
0.0 
0.0 
0.0 
0.0 
0.0 
0.0 
0.0 
0.0 
0.0 
0.0 
0.0 
0.0 
0.0 
0.0 
0.0 
0.0 
0.0 
0.0 
0.0 
0.0 
0.0 
0.0 
0.0 
0.0 
0.0 
0.0 
0.0 
0.0 
0.0 
0.0 
0.0 
0.0 
0.0 
0.0 
0.0 
0.0 
0.0 
0.0 
0.0 
0.0 
0.0 
0.0 
0.0 
0.0 
0.0 
0.0 
0.0 
0.0 
0.0 
0.0 
0.0 
0.0 
0.0 
0.0 
0.0 
0.0 
0.0 
0.0 
0.0 
0.0 
0.0 
0.0 
0.0 
0.0 
0.0 
0.0 
0.0 
0.0 

2020-02-01 15:14:46.212  INFO [main] io.github.mnyudina.motifs.Main:main(Main.java:94) Elapsed time = 10 sec 628 ms.
2020-02-01 15:17:36.401 DEBUG [main] io.github.mnyudina.motifs.Main:main(Main.java:49) Input arguments: -f graphs/my_polBlog.net -op 3scs,4scs -r 100000 
2020-02-01 15:17:36.411  INFO [main] io.github.mnyudina.motifs.Main:initGraph(Main.java:136) Loading graph from graphs/my_polBlog.net file.
2020-02-01 15:17:36.554  INFO [main] io.github.mnyudina.motifs.Main:initGraph(Main.java:140) Graph successfully loaded in 141 ms.
2020-02-01 15:17:36.556  INFO [main] io.github.mnyudina.motifs.Main:main(Main.java:61) Vertices = 1491.
2020-02-01 15:17:36.558  INFO [main] io.github.mnyudina.motifs.Main:main(Main.java:62) Arcs = 19024.
2020-02-01 15:17:37.401  INFO [main] io.github.mnyudina.motifs.Main:main(Main.java:89) RandMSF3Dir
0.0
0.0
31009.0
0.0
7417.0
12384.0
9630.0
2895.6666666666665
1564.0
8815.0
5965.0
33.333333333333336
369.6666666666667
1389.6666666666667
1432.6666666666667
575.0

2020-02-01 15:17:37.429  INFO [main] io.github.mnyudina.motifs.Main:main(Main.java:94) Elapsed time = 864 ms.
2020-02-01 15:27:09.732 DEBUG [main] io.github.mnyudina.motifs.Main:main(Main.java:49) Input arguments: -f graphs/my_polBlog.net -op 3scs,4scs -r 100000 
2020-02-01 15:27:09.740  INFO [main] io.github.mnyudina.motifs.Main:initGraph(Main.java:136) Loading graph from graphs/my_polBlog.net file.
2020-02-01 15:27:09.883  INFO [main] io.github.mnyudina.motifs.Main:initGraph(Main.java:140) Graph successfully loaded in 140 ms.
2020-02-01 15:27:09.885  INFO [main] io.github.mnyudina.motifs.Main:main(Main.java:61) Vertices = 1491.
2020-02-01 15:27:09.886  INFO [main] io.github.mnyudina.motifs.Main:main(Main.java:62) Arcs = 19024.
2020-02-01 15:27:10.709  INFO [main] io.github.mnyudina.motifs.Main:main(Main.java:89) RandMSF3Dir
0.0
0.0
31036.0
0.0
7364.0
12284.0
9780.0
2893.0
1611.0
8856.0
5831.0
24.333333333333332
358.3333333333333
1400.0
1426.6666666666667
569.6666666666666

2020-02-01 15:27:10.737  INFO [main] io.github.mnyudina.motifs.Main:main(Main.java:94) Elapsed time = 844 ms.
2020-02-01 15:29:58.006 DEBUG [main] io.github.mnyudina.motifs.Main:main(Main.java:49) Input arguments: -f graphs/my_polBlog.net -op 3scs,4scs -r 100000 
2020-02-01 15:29:58.016  INFO [main] io.github.mnyudina.motifs.Main:initGraph(Main.java:136) Loading graph from graphs/my_polBlog.net file.
2020-02-01 15:29:58.164  INFO [main] io.github.mnyudina.motifs.Main:initGraph(Main.java:140) Graph successfully loaded in 144 ms.
2020-02-01 15:29:58.166  INFO [main] io.github.mnyudina.motifs.Main:main(Main.java:61) Vertices = 1491.
2020-02-01 15:29:58.167  INFO [main] io.github.mnyudina.motifs.Main:main(Main.java:62) Arcs = 19024.
2020-02-01 15:29:59.035  INFO [main] io.github.mnyudina.motifs.Main:main(Main.java:89) RandMSF3Dir
0.0
0.0
31065.0
0.0
7628.0
12313.0
9578.0
2920.3333333333335
1550.0
8781.0
5852.0
28.333333333333332
355.0
1419.3333333333333
1420.0
568.0

2020-02-01 15:29:59.062  INFO [main] io.github.mnyudina.motifs.Main:main(Main.java:94) Elapsed time = 889 ms.
2020-02-01 15:38:56.269 DEBUG [main] io.github.mnyudina.motifs.Main:main(Main.java:49) Input arguments: -f graphs/my_polBlog.net -op 3scs,4scs -r 100000 
2020-02-01 15:38:56.279  INFO [main] io.github.mnyudina.motifs.Main:initGraph(Main.java:136) Loading graph from graphs/my_polBlog.net file.
2020-02-01 15:38:56.436  INFO [main] io.github.mnyudina.motifs.Main:initGraph(Main.java:140) Graph successfully loaded in 154 ms.
2020-02-01 15:38:56.437  INFO [main] io.github.mnyudina.motifs.Main:main(Main.java:61) Vertices = 1491.
2020-02-01 15:38:56.438  INFO [main] io.github.mnyudina.motifs.Main:main(Main.java:62) Arcs = 19024.
2020-02-01 15:38:57.273  INFO [main] io.github.mnyudina.motifs.Main:main(Main.java:89) RandMSF3Dir
0.0
0.0
30737.0
0.0
7597.0
12408.0
9660.0
2885.6666666666665
1586.6666666666667
8897.0
5889.0
27.333333333333332
346.6666666666667
1430.6666666666667
1426.6666666666667
567.0

2020-02-01 15:38:57.284  INFO [main] io.github.mnyudina.motifs.Main:main(Main.java:94) Elapsed time = 840 ms.
2020-02-01 15:39:07.140  INFO [main] io.github.mnyudina.motifs.Main:main(Main.java:89) 2.626427190279E7
5721908.550989999
8548342.30896
7094164.89745
1.548609690101E7
4430497.061431478
3109325.96754
2040452.6838192074
3400392.511265271
627106.4599775
497714.8850519345
394725.6934775713
2763765.74154
5239683.4754099995
3722905.04385
990673.18339
55310.853465082895
3810622.18529
427304.79481309623
330128.38239638624
133279.05292030118
997970.5048970806
1033021.5919179545
847461.11366
2723982.15105
344489.11887879245
1885379.51593
345357.4816732249
3847532.51254
1903096.47301
862726.3438422017
642912.8802705002
514355.01965946774
549721.0338095296
145464.9969372774
138782.83046
12611.579171888636
314106.8848975
53473.15113337019
1233861.6698738704
776420.4028356265
132158.07951122388
59357.675572772845
277814.1725940441
289178.35560297983
79700.567894417
235198.33619959053
622251.0617266267
96335.9541225
73983.39600566565
81202.71995
71467.20560875275
88119.58169153769
18161.554906549525
88789.90798244583
41339.56652
54986.696197189616
129677.04641917006
3044178.56082
1420912.599724505
155212.76211977165
375409.03916424233
123076.20464683192
123938.5753081824
202087.3650403391
94164.21671006657
40358.17546569909
181436.11913454096
80892.94889943275
1681.5604402434283
25979.730481497696
77773.51470206957
75931.40225583322
31367.072532719616
4144586.4425399997
5150461.21473
3150395.5378199997
37891.279620288136
2025638.75948
163317.86689331254
701296.21775
35713.21497765815
2616203.99548
182915.7923460892
182484.84364063852
1284533.1272310459
563225.1787205497
293975.0214009995
92765.59880200744
653246.4140538976
581859.4310289369
1345.2555263017398
128078.8355575
9080.453895335926
142473.863185
15638.580098162874
11435.058920301519
145126.10357393598
33294.61812987954
114190.85932794618
59867.67759890388
103653.02467665235
441447.51391
95378.31736625302
65327.66891981026
203836.55433245242
513791.75532
31792.940587417106
129354.43681396499
738.206545
1681.5940691305368
11073.098175
7230.698900384492
1476.4130899999998
2017.8859786268204
10594.291405489681
12180.4079925
13284.777654098469
16815.837405128434
338848.7494878633
344576.4055765603
61843.59580814175
146344.74229192012
230405.2358608697
3026.809128860946
2354.21017237675
12107.140216626774
23253.5061675
8408.118865103677
39347.376363637115
7062.6500009490765
5885.479034083854
74663.75674597386
71969.86103447464
7735.140884590431
29092.107050716233
2186.0353807531533
2522.3452822733075
19931.576715
5044.669539817745
48352.5286975
7735.398277241233
31445.809598423828
27409.063889431196
32454.749411268214
62724.74796051058
43721.637995509154
28587.476823512014
73167.99039008941
420.3908810394122
23709.750333150423
4372.206674196961
1849.7295399611294
924.8594050343635
16647.669488768483
11182.603914247455
2858.6648792800934
149324.73970208375
133679.71040235434
45238.81684753113
336.3159002676948
672.625185180651
50280.40592567108
4119.801828415372
2186.060683439736
47844.27224924032
10930.220883035796
69284.95621218093
26066.869316564782
246.0688483333333
10762.245044732215
1849.7295399611294
1093.0237715126286
27915.795397617974
3867.5824341816433
7147.137412881813
2942.739517041927
15134.719952929396
28674.361127867833
21777.976798749158
88121.33311983786
12107.258600455816
7903.4216080938
64071.78947680337
12549.511265000001
9753.365299339002
31114.961914360883
1849.7295399611294
588.5482699958131
265.5424425
1849.7563322550575
5969.620162275179
7398.856992158656
11856.42865332921
32122.08606404841
27411.58410440189
6138.056902821895
30525.9221331755
10005.969514455046
-----------------------------------------------------------------------------
3 sigma 
434730.90842877014
227490.93000417494
274119.3955138888
299559.3688263215
429174.97346474417
128284.60698867252
201111.24861245102
88360.20069002612
113053.56336820498
45252.73243859617
27214.40236516003
24276.136550666728
160414.58693510038
218215.52434352087
185315.44126306585
114347.9632558218
14719.443888303598
222098.16872083134
40819.93221402555
35904.15882664866
22837.805097141973
62168.27014082606
63229.00381618984
105812.03619030063
188487.9281394373
36673.019719044285
157265.60952641326
36718.69519574782
223142.57933500072
157993.1930238157
57861.33236895362
50005.702318906115
44768.55951074365
46265.01254408844
23857.696161784865
21431.12949295123
4367.927171058154
32164.595909344665
8987.864015162404
69032.38383573736
54905.41666926348
14111.802010934767
9468.643702914682
20407.711285788264
20814.245905997755
17666.487403789375
30319.780296031604
49197.759607836204
17865.777002109906
10568.968384651795
16405.98237441328
10387.359686181153
11530.701656761687
5241.0194235828285
11574.466526096317
11712.101314365642
9113.928731041633
13977.22966755512
168127.56435561643
74008.25740788641
15286.057403356894
38275.13493674483
13620.793954400473
13666.575498763872
17430.95784662489
8414.525632315635
5518.657536595831
16520.074169362033
11048.916007042184
1127.9680690390346
4429.997847543109
7651.258520685377
7560.254108078863
4866.455080955335
195126.38505745115
216445.20153931284
170947.49150049908
12184.384920123668
162931.97079277295
25277.05148726354
96303.49302091576
11829.132673567196
184790.07907405598
26747.600847641363
26715.71751083277
70410.89229584164
46826.0203282446
33887.97726185536
19058.150963379427
50407.19110485735
47591.57109225942
1426.823285481072
20591.0776587765
3706.510614321234
21713.157996328628
4863.644104993647
4159.185516201821
14783.41813724356
7094.530877751335
13120.045983108877
9508.750682326327
20144.295395492292
76474.12085852161
19324.43338448553
15995.891307154212
28231.39183774341
82482.49196460782
11161.162955096617
22499.745267354392
1565.9569018534607
1595.2347983760565
6064.075835827675
3307.625590685859
1808.17511233838
1747.474984843142
4003.4174280354546
6359.960962400195
4482.838459274604
5043.26725028838
36370.345865729025
36673.58991871188
15563.852140373616
23929.22100779291
30010.17018973975
2140.1797565286065
1887.4797630672178
4279.701729876395
8786.230233284994
3566.656208011541
7711.822367750516
3268.950498291615
2984.1853986354886
10616.446975763707
10423.871392652507
3421.0408186434797
6632.026213004929
1818.8235215983445
1953.718843743084
8134.8348248007205
2762.8637723319616
12665.436121596716
3421.0475162579287
6894.862636512838
6437.668212857499
7004.482231533215
9732.630221961506
8128.333087737708
6574.322687888831
10509.076232716421
564.006220044484
5987.855054549804
1818.6327164118438
1183.0124709524525
836.5420910730312
3547.264700252927
2907.8189946712478
2079.8808287181846
14994.92600172721
14191.791708767762
8267.722924282181
504.46754442008137
713.4115839442982
8715.707708345693
1765.4021482250241
1286.0574704669243
6007.050035830183
2874.8581429859937
7223.570931292623
4437.201372352819
521.9856339511535
4035.0346039021047
1183.0124709524525
909.4126226367603
6496.6349044335975
1710.5167845827227
2324.961195686634
1492.0926993177443
3382.370965320669
4653.3899010092
4056.3903172736723
11530.730958318003
4279.691233353297
3458.0100263911954
9836.257162318405
6455.572551270328
3841.312039273504
6858.227050738486
1183.0124709524525
667.3371862244167
796.6233443534047
1183.0166981112816
2124.9414704606547
2365.581267306603
2993.997108662352
4924.623286844481
4550.039476943009
2154.672772587695
4800.908272139088
2750.6586986028105

2020-02-01 15:39:07.238  INFO [main] io.github.mnyudina.motifs.Main:main(Main.java:94) Elapsed time = 9 sec 953 ms.
2020-02-01 15:39:30.073 DEBUG [main] io.github.mnyudina.motifs.Main:main(Main.java:49) Input arguments: -f graphs/my_polBlog.net -op 3scs,4scs -r 100000 
2020-02-01 15:39:30.081  INFO [main] io.github.mnyudina.motifs.Main:initGraph(Main.java:136) Loading graph from graphs/my_polBlog.net file.
2020-02-01 15:39:30.219  INFO [main] io.github.mnyudina.motifs.Main:initGraph(Main.java:140) Graph successfully loaded in 136 ms.
2020-02-01 15:39:30.220  INFO [main] io.github.mnyudina.motifs.Main:main(Main.java:61) Vertices = 1491.
2020-02-01 15:39:30.220  INFO [main] io.github.mnyudina.motifs.Main:main(Main.java:62) Arcs = 19024.
2020-02-01 15:39:30.964  INFO [main] io.github.mnyudina.motifs.Main:main(Main.java:89) RandMSF3Dir
0.0
0.0
30720.0
0.0
7486.0
12516.0
9522.0
2913.6666666666665
1596.6666666666667
8923.0
5925.0
36.666666666666664
349.6666666666667
1443.3333333333333
1384.3333333333333
578.3333333333334

2020-02-01 15:39:30.974  INFO [main] io.github.mnyudina.motifs.Main:main(Main.java:94) Elapsed time = 749 ms.
2020-02-01 15:43:43.325 DEBUG [main] io.github.mnyudina.motifs.Main:main(Main.java:49) Input arguments: -f graphs/my_polBlog.net -op 3scs,4scs -r 100000 
2020-02-01 15:43:43.338  INFO [main] io.github.mnyudina.motifs.Main:initGraph(Main.java:136) Loading graph from graphs/my_polBlog.net file.
2020-02-01 15:43:43.493  INFO [main] io.github.mnyudina.motifs.Main:initGraph(Main.java:140) Graph successfully loaded in 153 ms.
2020-02-01 15:43:43.494  INFO [main] io.github.mnyudina.motifs.Main:main(Main.java:61) Vertices = 1491.
2020-02-01 15:43:43.495  INFO [main] io.github.mnyudina.motifs.Main:main(Main.java:62) Arcs = 19024.
2020-02-01 15:43:44.318  INFO [main] io.github.mnyudina.motifs.Main:main(Main.java:89) RandMSF3Dir
0.0
0.0
30696.0
0.0
7480.0
12557.0
9502.0
2936.6666666666665
1575.6666666666667
8728.0
5962.0
29.666666666666668
363.3333333333333
1422.6666666666667
1440.6666666666667
589.6666666666666

2020-02-01 15:43:44.329  INFO [main] io.github.mnyudina.motifs.Main:main(Main.java:94) Elapsed time = 829 ms.
2020-02-01 15:43:52.208 DEBUG [main] io.github.mnyudina.motifs.Main:main(Main.java:49) Input arguments: -f graphs/my_polBlog.net -op 3scs,4scs -r 100000 
2020-02-01 15:43:52.220  INFO [main] io.github.mnyudina.motifs.Main:initGraph(Main.java:136) Loading graph from graphs/my_polBlog.net file.
2020-02-01 15:43:52.392  INFO [main] io.github.mnyudina.motifs.Main:initGraph(Main.java:140) Graph successfully loaded in 170 ms.
2020-02-01 15:43:52.393  INFO [main] io.github.mnyudina.motifs.Main:main(Main.java:61) Vertices = 1491.
2020-02-01 15:43:52.394  INFO [main] io.github.mnyudina.motifs.Main:main(Main.java:62) Arcs = 19024.
2020-02-01 15:43:53.222  INFO [main] io.github.mnyudina.motifs.Main:main(Main.java:89) RandMSF3Dir
0.0
0.0
30350.0
0.0
7438.0
12409.0
9735.0
2982.3333333333335
1617.0
8847.0
5994.0
26.333333333333332
381.0
1393.3333333333333
1438.6666666666667
570.3333333333334

2020-02-01 15:43:53.233  INFO [main] io.github.mnyudina.motifs.Main:main(Main.java:94) Elapsed time = 833 ms.
2020-02-01 15:44:04.036  INFO [main] io.github.mnyudina.motifs.Main:main(Main.java:89) 2.606670832557E7
5669862.23226
8539844.9508
7225565.66246
1.512880493323E7
4416698.1120824395
3159524.0126
2083116.6533097168
3438896.6597750722
613449.638895
506188.2832083739
402994.66925551556
2640554.0482199998
5226937.43817
3866297.9628
996578.83575
60972.52987155678
3639358.2668500002
420784.67460407363
322276.7541965009
132405.69522391993
1024574.2415579105
1038355.9843783751
807597.96023
2824378.24117
335780.4365951735
1885379.51593
351032.8604162006
4067518.06295
1979869.95369
841861.7681376343
643794.244615479
503507.33455190767
526970.3972368432
128479.28967074993
141735.65664
11770.824327922413
318536.1241675
60033.321587288825
1208187.5268537805
799184.4217051053
134516.7511573603
62893.300808206135
310092.2076258321
272169.0404932845
81877.71423235645
234330.15311351948
622298.9899074599
96335.9541225
77345.99612945343
71975.1381375
64738.544577090805
88447.80746230225
17992.674944881717
87615.10567239176
52043.5614225
57003.34228544283
135398.39006201207
3249177.32643
1431805.5162841117
151190.6548573904
398516.1505549361
110469.2703805703
115370.62279981423
204956.50058178054
95164.29437458201
41451.91951940342
183619.7099894973
74491.6358024603
2522.3372907070916
24971.967976513708
72386.44319722874
79458.7846604067
32541.258984200183
4266735.96609
5236496.9661
3044178.56082
36583.99255076812
1968058.64897
151123.47563438021
750017.84972
38763.27368949611
2602916.27767
160704.78270884955
160278.3143339347
1258338.4273255346
556231.1112146331
318793.69730961963
92329.59208683224
682437.1354636934
528340.8301802948
1345.2519409118104
132138.971555
5381.0606940101325
141366.5533675
18833.490992575582
12948.402892627795
149658.6216479315
32455.056436523413
126125.35577542882
62559.02116032901
100169.95075630592
445876.75318
90152.42450189551
75346.28564189047
204704.57005002833
485739.90661
38325.87600078958
135891.94037422628
1107.3098175
2354.1870811944405
14764.1309
6726.238395388728
1513.412049640711
3194.965085128577
8744.485550392454
14025.924355
11939.18319979442
18162.690635972118
320579.899133497
304083.95115289546
75345.10530521758
141979.5782275133
227373.19854277425
7062.538346871478
2186.031235995115
10762.026193100233
22884.402895
8912.465825025698
39179.697770054234
10257.707714488917
6726.215960110647
67595.98487954665
74498.29003090608
10930.358733739537
26905.84576476793
1513.4302064250428
2017.8765629462148
26206.3323475
1849.7254791713226
42446.8763375
9921.137406340506
33801.561373209515
25897.19070605328
29932.133671938933
64239.72798385649
41704.15266068694
26571.152930104545
68610.76538300168
588.5470652882001
25559.409724812154
4203.880338959435
1261.171802221674
756.7060248203555
14461.215969633477
9753.10354958934
3026.8138330232987
139921.48161569537
133859.5627791299
42714.968514237036
336.3134333943738
1513.40405877143
52631.52923637734
4624.38107861855
2858.649992238612
48093.70467790759
10510.107292997029
68269.65676070795
25562.218293807306
246.0688483333333
7903.383323114256
2186.0778914115535
840.7824630698815
29764.482252344264
3783.501933279319
7062.503991038476
2858.6580067274735
15807.007369841178
29766.227216043968
19002.82505125745
92834.9950104902
11939.374757454068
6221.784000899612
69635.16429503301
12549.511265000001
9248.96312434212
34811.42850784876
1093.0149725258843
588.5482699958131
369.10327249999995
1345.2487996966613
5044.829274099118
7230.832418257788
12023.01839005979
32205.830870435762
27247.950433974893
5969.76805052664
29094.90289858465
11350.477875555474
-----------------------------------------------------------------------------
3 sigma 
433627.52543827204
226512.5735419314
273995.0376640218
302179.558570012
424768.20063606557
128078.16375068433
202692.94564584643
89256.27160442699
113663.47477871303
44765.69648424286
27444.48375030655
24524.905975594887
156891.43655181525
217963.70266656755
188718.4144876834
114685.97604344005
15453.918555331747
217179.0093123399
40508.590429400836
35475.361820894876
22763.052227272357
62980.81515778958
63388.970315905724
103307.47551646372
191863.49558199855
36208.454174585706
157265.60952641326
37018.98436717113
229257.51660575758
161106.0631761365
57165.91750739705
50039.483184213255
44298.00660017461
45306.672692566885
22423.840505774282
21657.050643824005
4219.870511131846
32388.619281180334
9522.021567870079
68320.39706407355
55695.456994729764
14236.199127855813
9745.646745625683
21549.137939813736
20199.17773148825
17905.971992646988
30263.838305038087
49199.05716490306
17865.777002109906
10805.981476391233
15447.656565991656
9887.60664290816
11552.589394922456
5216.689515151576
11497.745333262836
13139.302553663081
9279.357816601427
14280.75391820716
173523.65142728382
74284.21776211272
15087.160842533413
39428.79348989292
12906.647345502708
13187.280544296693
17552.382172472135
8459.339522809303
5592.688584375719
16618.689688209044
10604.513308610221
1381.4300424754513
4343.27803643937
7383.2113963151505
7733.107156632825
4956.6389771061
197862.39767925476
218152.60245973576
168127.56435561643
11972.394670087207
160631.3015103921
24316.929311012245
99576.09215972212
12323.770097339939
184328.65050600303
25074.600425563265
25040.54371342554
69701.4676372437
46536.84707363598
35283.97426885158
19013.452618590964
51511.218999313525
45363.01875526633
1426.8266173461873
20913.748533662947
2853.506503807543
21628.941537045233
5337.106980882076
4425.751407893833
15011.716646060395
7004.489596623889
13786.075822713308
9719.654165511414
19803.218259122863
76855.6564423367
18788.101830968288
17177.939733063453
28291.399085302306
80206.85703211927
12253.958172697181
23060.235498563983
1917.888094661098
1887.4774301353305
7001.84140899838
3190.215144877393
1513.377577066064
2198.8140933278405
3637.27377237992
6824.619097323342
4249.8805756566435
5241.10624497173
35379.466395796044
34459.46919227493
17177.71240738085
23570.72047200201
29812.13110929453
3268.948650640549
1818.828468702844
4035.023204042024
8716.26292336052
3672.051000639598
7695.314311269949
3939.3579036082965
3190.19812101791
10103.095735267907
10604.556306845141
4066.4210583891218
6378.211159091985
1513.3755534256659
1747.4741128522276
9327.045502205081
1673.084129822474
11867.745039146805
3874.2813337946395
7148.066813164315
6257.5974016410655
6727.065294286462
9849.124037290194
7938.820433497658
6338.343243282741
10178.008214792728
667.3377270458394
6216.84513421987
1783.3195723500635
976.8626800900215
756.688788533032
3306.419235771632
2715.757405726766
2140.1735691589765
14516.839059429794
14200.680619035527
8034.200245017066
504.4638441563543
1070.0877369284908
8917.071218002713
1870.3350104885408
1470.6274499918127
6022.782273078702
2819.079782856812
7171.010724835252
4394.121877720412
521.9856339511535
3458.007996625056
1286.0601726945063
797.6163388519017
6708.17313641805
1691.827247231317
2311.221909279796
1470.626813580789
3456.627429445317
4741.043345736828
3789.514166531169
11833.946998570671
4249.8912623191145
3068.246062733433
10252.872522812586
6455.572551270328
3740.690061887479
7253.884330465685
909.4122980279556
667.3371862244167
639.2960315536992
1008.8937188665732
1953.4774795979754
2338.560915165693
3015.069818119052
4931.039848123371
4536.268637426274
2124.952185670313
4687.317609377866
2929.581508128086

2020-02-01 15:44:04.133  INFO [main] io.github.mnyudina.motifs.Main:main(Main.java:94) Elapsed time = 10 sec 898 ms.
2020-02-01 15:58:47.988 DEBUG [main] io.github.mnyudina.motifs.Main:main(Main.java:49) Input arguments: -f graphs/my_polBlog.net -op 3scs,4scs -r 100000 
2020-02-01 15:58:48.002  INFO [main] io.github.mnyudina.motifs.Main:initGraph(Main.java:136) Loading graph from graphs/my_polBlog.net file.
2020-02-01 15:58:48.176  INFO [main] io.github.mnyudina.motifs.Main:initGraph(Main.java:140) Graph successfully loaded in 172 ms.
2020-02-01 15:58:48.177  INFO [main] io.github.mnyudina.motifs.Main:main(Main.java:61) Vertices = 1491.
2020-02-01 15:58:48.178  INFO [main] io.github.mnyudina.motifs.Main:main(Main.java:62) Arcs = 19024.
2020-02-01 15:58:49.033  INFO [main] io.github.mnyudina.motifs.Main:main(Main.java:89) RandMSF3Dir
0.0
0.0
30648.0
0.0
7451.0
12669.0
9605.0
2890.6666666666665
1551.6666666666667
8887.0
5965.0
27.333333333333332
353.3333333333333
1422.0
1446.0
567.3333333333334

2020-02-01 15:58:49.045  INFO [main] io.github.mnyudina.motifs.Main:main(Main.java:94) Elapsed time = 861 ms.
2020-02-01 19:35:18.097 DEBUG [main] io.github.mnyudina.motifs.Main:main(Main.java:53) Input arguments: -f graphs/my_polBlog.net -op 3scs,4scs -r 100000 
2020-02-01 19:35:18.133  INFO [main] io.github.mnyudina.motifs.Main:initGraph(Main.java:140) Loading graph from graphs/my_polBlog.net file.
2020-02-01 19:35:18.467  INFO [main] io.github.mnyudina.motifs.Main:initGraph(Main.java:144) Graph successfully loaded in 332 ms.
2020-02-01 19:35:18.469  INFO [main] io.github.mnyudina.motifs.Main:main(Main.java:65) Vertices = 1491.
2020-02-01 19:35:18.470  INFO [main] io.github.mnyudina.motifs.Main:main(Main.java:66) Arcs = 19024.
2020-02-01 19:35:21.000  INFO [main] io.github.mnyudina.motifs.Main:main(Main.java:93) RandMSF3Dir
0.0
0.0
26183.0
0.0
7505.0
13214.0
9216.0
2693.3333333333335
1574.3333333333333
10335.0
8470.0
26.666666666666668
369.3333333333333
1478.6666666666667
1554.3333333333333
662.3333333333334

2020-02-01 19:35:21.003  INFO [main] io.github.mnyudina.motifs.Main:main(Main.java:98) Elapsed time = 2 sec 520 ms.
2020-02-01 19:35:29.840  INFO [main] io.github.mnyudina.motifs.Main:main(Main.java:93) id	 num	 (+/-) 3 sigma 
2:	2.020884204402E7	  (+/-)395513.8850209357
3:	3632620.6133999997	  (+/-)183135.20766365534
1:	1.013734828488E7	  (+/-)296073.19929882477
7:	3611377.218	  (+/-)182617.844950253
5:	1521027.1106399999	  (+/-)119716.68235477089
9:	3596506.84122	  (+/-)182254.68462504292
10:	1.05094774778925E7	  (+/-)158023.16996866895
11:	572748.7673727877	  (+/-)29135.6842930708
12:	302620.56947550725	  (+/-)21301.421069027147
2:	1399939.7568599998	  (+/-)114919.00794457473
6:	4345336.52907	  (+/-)199599.5752884149
10:	5642245.81824	  (+/-)225991.28761698044
17:	42486.7908	  (+/-)20149.22335583542
1:	439738.28478	  (+/-)64701.523451349974
12:	216682.63308	  (+/-)45466.00994326573
9:	127460.3724	  (+/-)34885.510412463365
10:	1010123.45127	  (+/-)97798.11808184785
13:	1563513.90144	  (+/-)121352.5566066051
12:	264480.27272999997	  (+/-)50219.62834168282
10:	494971.11282	  (+/-)68626.82056833616
18:	591628.56189	  (+/-)74994.58360175905
2:	616058.4665999999	  (+/-)76518.43303996374
7:	621369.31545	  (+/-)76845.6136778984
13:	1047299.39322	  (+/-)99563.91193020256
17:	90284.43045	  (+/-)29365.67587297398
17:	3717.5941949999997	  (+/-)4215.208052298285
20:	53108.4885	  (+/-)15924.578284160274
3:	934709.3976	  (+/-)94110.30359941527
8:	832741.09968	  (+/-)88871.82120521224
14:	93470.93976	  (+/-)21118.30287090722
18:	70634.289705	  (+/-)18362.08605703442
14:	285723.66813	  (+/-)36855.72237207844
18:	386098.711395	  (+/-)42802.385544664176
21:	62668.016429999996	  (+/-)24468.82093920321
1:	201812.2563	  (+/-)43881.25298923001
5:	865668.36255	  (+/-)90597.66297019638
4:	2488863.3664675	  (+/-)87808.47819653712
6:	48328.724535	  (+/-)15191.763758742374
7:	64792.35597	  (+/-)17587.334756226304
6:	34503.42879433036	  (+/-)7223.5346587917265
8:	17525.801205	  (+/-)9151.040881981877
9:	129053.62705499999	  (+/-)24806.187548089558
22:	5325422.01563	  (+/-)123037.6587582156
22:	60012.592005	  (+/-)16926.957455603824
23:	76224.51950208885	  (+/-)10732.61551393486
24:	1898097.3789899999	  (+/-)133494.06458304846
25:	1038802.03506	  (+/-)99163.18468954532
25:	557636.4279072564	  (+/-)28730.536374096206
26:	257045.08434	  (+/-)49510.4349327789
5:	91346.60022	  (+/-)20877.361182231805
27:	121618.438665	  (+/-)24082.695791676473
22:	581649.0387164438	  (+/-)29332.389318106434
28:	62668.016429999996	  (+/-)12223.5718233083
29:	14562.410138233225	  (+/-)3318.6373229631167
30:	157732.210845	  (+/-)27416.848596917345
31:	937692.3042829207	  (+/-)36960.48895686395
32:	1858.7970974999998	  (+/-)2107.6040261491426
10:	24960.989595	  (+/-)7719.957558712349
28:	23834.244993571778	  (+/-)4244.8272805632005
33:	98516.2461675	  (+/-)15315.636164748063
34:	17427.628889695243	  (+/-)3630.2562214269865
35:	3337337.4173399997	  (+/-)175786.7070046817
36:	6211568.81496	  (+/-)236446.9131387818
37:	6708664.26732	  (+/-)245114.4785070704
38:	19119.05586	  (+/-)13517.997264468291
29:	132771.22125	  (+/-)35603.9837671613
40:	31865.0931	  (+/-)17450.612106950743
42:	260231.59365	  (+/-)49815.62349660556
43:	176320.18182	  (+/-)41021.210490969606
44:	1180070.61447	  (+/-)105620.01230560438
13:	730772.80176	  (+/-)83293.33952368448
31:	350516.0241	  (+/-)57790.22572038393
45:	168884.99343	  (+/-)40148.39746442472
46:	1068542.78862	  (+/-)100558.46110602983
47:	1425431.83134	  (+/-)115946.48926329776
48:	13623.950936071662	  (+/-)4539.522225899964
50:	6904.103505	  (+/-)5744.187944850038
12:	3589529.3250625	  (+/-)103752.29306258266
30:	107945.37710905776	  (+/-)12754.272702442951
45:	54523.71335457967	  (+/-)9074.097447209413
51:	143392.91895	  (+/-)26144.47875183067
52:	48328.724535	  (+/-)15191.763758742374
53:	796763.4926637912	  (+/-)34177.08648731319
54:	324595.159477786	  (+/-)22029.17025345068
55:	72227.54436	  (+/-)26267.693351148082
56:	121087.35377999999	  (+/-)34003.2108362962
57:	45673.30011	  (+/-)20890.845926528506
58:	182693.20044	  (+/-)41754.72236446361
60:	29740.753559999997	  (+/-)16859.06160490727
61:	246423.38663999998	  (+/-)48479.12997875258
9:	531.084885	  (+/-)1593.2466887068094
10:	4779.763965	  (+/-)4779.548870781846
11:	1593.254655	  (+/-)2759.556617574986
13:	2655.424425	  (+/-)3562.536647291776
12:	11683.86747	  (+/-)7472.2046650655
5:	13808.20701	  (+/-)8122.980382555629
22:	27616.41402	  (+/-)11486.135146611225
27:	320775.27054	  (+/-)55291.94740921444
28:	438676.11501	  (+/-)64623.65872970025
29:	91346.60022	  (+/-)29537.762237349267
31:	210309.61445999998	  (+/-)44793.7486857688
30:	599063.75028	  (+/-)75461.69683177848
32:	3186.50931	  (+/-)3902.5438534797495
4:	3186.50931	  (+/-)3902.5438534797495
22:	14870.376779999999	  (+/-)8429.530802453635
33:	7435.188389999999	  (+/-)5960.9957353728105
39:	42486.7908	  (+/-)14244.80151455295
45:	9028.443045	  (+/-)6568.598828974285
45:	10621.6977	  (+/-)7124.53886732332
56:	65854.52574	  (+/-)17730.729691520803
6:	86566.836255	  (+/-)20324.72880392692
23:	12746.03724	  (+/-)7804.385175298625
28:	61074.761775	  (+/-)17075.925571276537
34:	1593.254655	  (+/-)2759.556617574986
40:	3717.5941949999997	  (+/-)4215.208052298285
51:	3717.5941949999997	  (+/-)4215.208052298285
5:	14870.376779999999	  (+/-)8429.530802453635
24:	33989.43264	  (+/-)12741.95785527718
29:	27085.329135	  (+/-)11375.212298007717
35:	56826.082695	  (+/-)16471.934737819047
41:	69041.03504999999	  (+/-)18154.08636179255
47:	72227.54436	  (+/-)18567.74354027926
52:	36113.77218	  (+/-)13133.846675574041
58:	170478.248085	  (+/-)28499.651437108867
7:	265.5424425	  (+/-)796.6233443534047
25:	14870.376779999999	  (+/-)8429.530802453635
30:	3186.50931	  (+/-)2759.432431007337
36:	1062.16977	  (+/-)1593.2227895882427
42:	1062.16977	  (+/-)1593.2227895882427
48:	11949.4099125	  (+/-)5342.736049594583
53:	12214.952355	  (+/-)5401.746578174258
59:	117269.25889196497	  (+/-)13290.58146544154
6:	230602.2552063412	  (+/-)18602.948383052357
25:	167291.738775	  (+/-)28232.892825768413
31:	319941.88600403734	  (+/-)21868.076677258272
37:	531.084885	  (+/-)1126.5899046394957
43:	2124.33954	  (+/-)2253.112211518776
49:	53639.573384999996	  (+/-)16003.923007145244
54:	5045.3064075	  (+/-)3472.0881208530623
60:	2124.33954	  (+/-)2253.112211518776
8:	13632.71221249409	  (+/-)3210.958821053281
26:	16994.71632	  (+/-)6370.97892763859
32:	77538.39321	  (+/-)13592.884560189435
38:	45407.7576675	  (+/-)10408.343485598914
44:	265.5424425	  (+/-)796.6233443534047
50:	5310.84885	  (+/-)5038.061680487448
55:	1177.1590776437542	  (+/-)943.7771011641207
61:	265.5424425	  (+/-)796.6233443534047
2:	36644.857065	  (+/-)13230.000423372041
10:	4514.2215225	  (+/-)3284.2994144871427
6:	9559.52793	  (+/-)4778.903530040183
15:	3983.1366375	  (+/-)3085.0929645351557
12:	7571.176513941368	  (+/-)2393.208030591334
17:	37441.4843925	  (+/-)9452.754155264722
16:	39300.28149	  (+/-)9684.215432798976
18:	47989.88639306739	  (+/-)8517.950691259366
10:	22305.565169999998	  (+/-)10323.301709101857
33:	7966.273275	  (+/-)6170.185929070311
28:	141268.57941	  (+/-)25950.61371553845
34:	2988260.09416	  (+/-)95515.00595921619
35:	625305.2323883624	  (+/-)30371.856117760854
37:	554859.7094243637	  (+/-)28658.511647824187
36:	1327.7122125	  (+/-)1781.268323645888
38:	1062.16977	  (+/-)1593.2227895882427
28:	1593.254655	  (+/-)1951.2719267398747
23:	2354.4048449361753	  (+/-)1334.6900179535676
34:	12214.952355	  (+/-)5401.746578174258
40:	18587.970975	  (+/-)6662.729229417805
51:	17422.68154598675	  (+/-)3629.654706499826
46:	17004.169812810447	  (+/-)3585.876485005181
57:	12214.952355	  (+/-)5401.746578174258
15:	66120.06818249999	  (+/-)12554.907085420706
34:	8581.368833799857	  (+/-)2547.8202600065406

2020-02-01 19:35:29.856  INFO [main] io.github.mnyudina.motifs.Main:main(Main.java:98) Elapsed time = 8 sec 842 ms.
2020-02-01 19:35:31.918 DEBUG [main] io.github.mnyudina.motifs.Main:main(Main.java:53) Input arguments: -f graphs/PathwayCommons.net -op 4scs -r 100000 
2020-02-01 19:35:31.939  INFO [main] io.github.mnyudina.motifs.Main:initGraph(Main.java:140) Loading graph from graphs/PathwayCommons.net file.
2020-02-01 19:35:36.044  INFO [main] io.github.mnyudina.motifs.Main:initGraph(Main.java:144) Graph successfully loaded in 4 sec 101 ms.
2020-02-01 19:35:36.047  INFO [main] io.github.mnyudina.motifs.Main:main(Main.java:65) Vertices = 19987.
2020-02-01 19:35:36.052  INFO [main] io.github.mnyudina.motifs.Main:main(Main.java:66) Arcs = 824675.
2020-02-01 19:42:40.108  INFO [main] io.github.mnyudina.motifs.Main:main(Main.java:93) id	 num	 (+/-) 3 sigma 
2:	2.023752787589912E10	  (+/-)5.399489142297301E8
3:	2.620745435461455E10	  (+/-)6.028825631903129E8
7:	2.3457790241041303E9	  (+/-)1.9383226969873804E8
5:	1.7543758573814902E9	  (+/-)1.6790525475384748E8
10:	1.2051107692711027E10	  (+/-)9.7886230002937E7
11:	6.836647518700407E8	  (+/-)2.6579103943223573E7
2:	2.591175277125323E10	  (+/-)6.000466113376795E8
12:	8.8169557477857E8	  (+/-)1.1932213940463473E8
12:	8.654680488624E8	  (+/-)1.1822432933879359E8
18:	1.88780218158111E9	  (+/-)1.741080615287509E8
14:	1.3342632419962001E8	  (+/-)3.2878371832638994E7
4:	5.50206029456646E9	  (+/-)8.727900895884609E7
6:	1.7129055133735E8	  (+/-)3.724473506071666E7
24:	9.305764889549443E10	  (+/-)8.548216583202277E8
25:	4.2371873225555E9	  (+/-)2.591201053794516E8
25:	6.612361372646201E8	  (+/-)2.6162482109110042E7
5:	1.8210890194813E8	  (+/-)3.840056945240634E7
22:	6.511996656655135E8	  (+/-)2.597643458924798E7
28:	2.5783735622359002E8	  (+/-)3.2249533110806003E7

2020-02-01 20:04:22.373  INFO [main] io.github.mnyudina.motifs.Main:main(Main.java:98) Elapsed time = 28 min 46 sec.
2020-02-01 20:05:26.811 DEBUG [main] io.github.mnyudina.motifs.Main:main(Main.java:53) Input arguments: -f graphs/my_polBlog.net -op 3scs,4scs -r 10000 
2020-02-01 20:05:26.826  INFO [main] io.github.mnyudina.motifs.Main:initGraph(Main.java:140) Loading graph from graphs/my_polBlog.net file.
2020-02-01 20:05:27.155  INFO [main] io.github.mnyudina.motifs.Main:initGraph(Main.java:144) Graph successfully loaded in 316 ms.
2020-02-01 20:05:27.155  INFO [main] io.github.mnyudina.motifs.Main:main(Main.java:65) Vertices = 1491.
2020-02-01 20:05:27.155  INFO [main] io.github.mnyudina.motifs.Main:main(Main.java:66) Arcs = 19024.
2020-02-01 20:05:27.885  INFO [main] io.github.mnyudina.motifs.Main:main(Main.java:93) RandMSF3Dir
0.0
0.0
2642.0
0.0
713.0
1347.0
939.0
269.0
153.66666666666666
1045.0
850.0
3.3333333333333335
40.0
150.33333333333334
146.33333333333334
58.666666666666664

2020-02-01 20:05:27.897  INFO [main] io.github.mnyudina.motifs.Main:main(Main.java:98) Elapsed time = 729 ms.
2020-02-01 20:05:31.102  INFO [main] io.github.mnyudina.motifs.Main:main(Main.java:93) id	 num	 (+/-) 3 sigma 
2:	1.9841331303600002E7	  (+/-)1241944.8548716565
3:	3760080.9858000004	  (+/-)588830.7090415488
1:	1.02180731874E7	  (+/-)939591.1039173305
7:	3505160.2410000004	  (+/-)569226.8780952564
5:	1497659.3757	  (+/-)375699.9881171747
9:	4142462.103	  (+/-)616892.0721476637
10:	1.0408712284500001E7	  (+/-)498259.8887382367
11:	609740.1221772446	  (+/-)95011.81161603528
12:	322757.59483117936	  (+/-)69534.53383526043
2:	1433929.1895	  (+/-)367731.32003981527
6:	4248679.08	  (+/-)624425.7496102483
10:	5948150.712	  (+/-)732647.7198686517
17:	21243.3954	  (+/-)45059.54019827573
1:	467354.6988	  (+/-)210903.5907492141
12:	265542.4425	  (+/-)159126.18403927027
9:	106216.97700000001	  (+/-)100715.87631120507
10:	998439.5838	  (+/-)307488.0768993944
13:	1646363.1435	  (+/-)393630.6442489721
12:	308029.2333	  (+/-)171349.7790549136
10:	414246.21030000004	  (+/-)198609.01853169187
18:	509841.48960000003	  (+/-)220237.36078825104
2:	520463.18730000005	  (+/-)222508.49426237796
7:	626680.1643000001	  (+/-)244037.3129513887
13:	817870.7229	  (+/-)278536.4588693537
17:	84973.5816	  (+/-)90092.03520600699
20:	31865.093100000002	  (+/-)39014.89961111084
3:	1040926.3746000001	  (+/-)313898.8253641917
8:	924087.6999	  (+/-)295922.0801160996
14:	106216.97700000001	  (+/-)71181.22610475056
18:	58419.33735	  (+/-)52813.207611054204
14:	238988.19825000002	  (+/-)106638.02303842545
18:	361137.7218	  (+/-)130935.67994218436
21:	63730.186200000004	  (+/-)78029.79922222169
1:	180568.8609	  (+/-)131271.42144596553
5:	1062169.77	  (+/-)317053.6731673284
4:	2539430.5148	  (+/-)280275.31748508627
6:	100906.12815	  (+/-)69382.35301401949
7:	69041.03505	  (+/-)57408.26174266402
6:	23559.212457897847	  (+/-)18877.92019338532
8:	21243.3954	  (+/-)31858.719443950646
9:	159325.46550000002	  (+/-)87135.15389024338
22:	5333542.287625	  (+/-)389325.70697766857
22:	42486.7908	  (+/-)45046.01760300349
23:	207123.10515000002	  (+/-)99304.50926584593
24:	2039365.9584000001	  (+/-)437276.3956893941
25:	1019682.9792000001	  (+/-)310710.6389453327
25:	553948.5246944517	  (+/-)90558.27989824011
26:	223055.65170000002	  (+/-)145870.79516587697
5:	79662.73275000001	  (+/-)61660.1902172583
27:	143392.91895000002	  (+/-)82676.10109366101
22:	553795.7526663365	  (+/-)90549.41651682428
28:	69041.03505	  (+/-)40567.342273345464
29:	34520.517525	  (+/-)28704.13087133201
30:	191190.55860000002	  (+/-)95423.05265352291
31:	952501.7142857236	  (+/-)117755.74543417594
10:	18587.970975	  (+/-)21069.399797938808
28:	29484.646626845555	  (+/-)14928.076981581813
33:	103561.55257500001	  (+/-)49652.254632922966
34:	21050.717462265617	  (+/-)12615.845256218836
35:	2889101.7744	  (+/-)518336.0617334439
36:	6149962.968300001	  (+/-)744222.807752477
37:	6542965.7832	  (+/-)766124.8464703608
29:	138082.0701	  (+/-)114816.52348532804
40:	53108.48850000001	  (+/-)71234.69892519136
42:	244299.04710000003	  (+/-)152643.77425324556
43:	191190.55860000002	  (+/-)135070.41275631764
44:	1168386.747	  (+/-)332360.7115445126
13:	828492.4206000001	  (+/-)280325.1765776624
31:	329272.6287	  (+/-)177142.11946573236
45:	169947.1632	  (+/-)127358.36328209832
46:	1062169.77	  (+/-)317053.6731673284
47:	1348955.6079000002	  (+/-)356813.7819530314
48:	19685.507866666667	  (+/-)20871.280630730304
12:	3469570.7615	  (+/-)323144.8032375686
30:	104429.33235102838	  (+/-)39671.78513129472
45:	45434.0165058314	  (+/-)26198.431761247473
51:	122149.52355000001	  (+/-)76321.88712662278
52:	63730.186200000004	  (+/-)55158.835120452146
53:	761067.5343627378	  (+/-)105701.99173245755
54:	323582.00198533444	  (+/-)69554.8721831805
55:	116838.6747	  (+/-)105626.41522210841
56:	138082.0701	  (+/-)114816.52348532804
57:	53108.48850000001	  (+/-)71234.69892519136
58:	265542.4425	  (+/-)159126.18403927027
60:	53108.48850000001	  (+/-)71234.69892519136
61:	191190.55860000002	  (+/-)135070.41275631764
13:	5310.84885	  (+/-)15931.749902755822
12:	10621.6977	  (+/-)22529.770099137866
5:	26554.244250000003	  (+/-)35617.34946259568
22:	10621.6977	  (+/-)22529.770099137866
27:	371759.4195	  (+/-)188186.2401455539
28:	446111.30340000003	  (+/-)206075.27964773192
29:	106216.97700000001	  (+/-)100715.87631120507
31:	180568.8609	  (+/-)131271.42144596553
30:	594815.0712	  (+/-)237787.90631817124
32:	5310.84885	  (+/-)15931.749902755822
4:	5310.84885	  (+/-)15931.749902755822
22:	10621.6977	  (+/-)22529.770099137866
33:	5310.84885	  (+/-)15931.749902755822
39:	47797.639650000005	  (+/-)47776.125870467484
45:	10621.6977	  (+/-)22529.770099137866
45:	15932.546550000001	  (+/-)27591.840411037098
56:	79662.73275000001	  (+/-)61660.1902172583
6:	127460.37240000001	  (+/-)77959.49857298272
23:	10621.6977	  (+/-)22529.770099137866
28:	31865.093100000002	  (+/-)39014.89961111084
34:	10621.6977	  (+/-)22529.770099137866
51:	10621.6977	  (+/-)22529.770099137866
5:	5310.84885	  (+/-)15931.749902755822
24:	58419.33735	  (+/-)52813.207611054204
29:	21243.3954	  (+/-)31858.719443950646
35:	42486.7908	  (+/-)45046.01760300349
41:	31865.093100000002	  (+/-)39014.89961111084
47:	69041.03505	  (+/-)57408.26174266402
52:	31865.093100000002	  (+/-)39014.89961111084
58:	143392.91895000002	  (+/-)82676.10109366101
25:	21243.3954	  (+/-)31858.719443950646
48:	13277.122125000002	  (+/-)17808.67473129784
53:	15932.546550000001	  (+/-)19507.44980555542
59:	144986.11196037882	  (+/-)46705.282679806005
6:	239092.7081149266	  (+/-)59888.12231781297
25:	207123.10515000002	  (+/-)99304.50926584593
31:	317124.52026779245	  (+/-)68855.07177571632
43:	5310.84885	  (+/-)11264.885049568933
49:	53108.48850000001	  (+/-)50357.93815560253
54:	2655.424425	  (+/-)7965.874951377911
8:	15149.304775747525	  (+/-)10703.542685568065
26:	13277.122125000002	  (+/-)17808.67473129784
32:	108872.401425	  (+/-)50904.36155928396
38:	15932.546550000001	  (+/-)19507.44980555542
50:	5310.84885	  (+/-)15931.749902755822
55:	3363.42141836081	  (+/-)5044.501427680801
2:	31865.093100000002	  (+/-)39014.89961111084
10:	2655.424425	  (+/-)7965.874951377911
6:	21243.3954	  (+/-)22523.008801501746
12:	15932.546550000001	  (+/-)19507.44980555542
17:	47797.639650000005	  (+/-)33767.60318907941
16:	37175.94195	  (+/-)29786.19299094509
18:	58969.29325369111	  (+/-)29856.153963163626
10:	26554.244250000003	  (+/-)35617.34946259568
33:	5310.84885	  (+/-)15931.749902755822
28:	138082.0701	  (+/-)81134.68454669093
34:	3067248.194475	  (+/-)305654.3976710958
35:	627429.1032837366	  (+/-)96201.89283048891
37:	549284.4379034847	  (+/-)90175.01738650588
28:	5310.84885	  (+/-)11264.885049568933
23:	3363.42141836081	  (+/-)5044.501427680801
34:	5310.84885	  (+/-)11264.885049568933
40:	21243.3954	  (+/-)22523.008801501746
51:	9250.50725766024	  (+/-)8364.621520438275
46:	47797.639650000005	  (+/-)33767.60318907941
57:	15932.546550000001	  (+/-)19507.44980555542
15:	63730.186200000004	  (+/-)38979.74928649136
34:	39831.366375000005	  (+/-)30830.09510862915

2020-02-01 20:05:31.119  INFO [main] io.github.mnyudina.motifs.Main:main(Main.java:98) Elapsed time = 3 sec 218 ms.
2020-02-01 20:05:32.974 DEBUG [main] io.github.mnyudina.motifs.Main:main(Main.java:53) Input arguments: -f graphs/PathwayCommons.net -op 4scs -r 10000 
2020-02-01 20:05:33.013  INFO [main] io.github.mnyudina.motifs.Main:initGraph(Main.java:140) Loading graph from graphs/PathwayCommons.net file.
2020-02-01 20:05:36.588  INFO [main] io.github.mnyudina.motifs.Main:initGraph(Main.java:144) Graph successfully loaded in 3 sec 559 ms.
2020-02-01 20:05:36.590  INFO [main] io.github.mnyudina.motifs.Main:main(Main.java:65) Vertices = 19987.
2020-02-01 20:05:36.601  INFO [main] io.github.mnyudina.motifs.Main:main(Main.java:66) Arcs = 824675.
2020-02-01 20:06:35.677  INFO [main] io.github.mnyudina.motifs.Main:main(Main.java:93) id	 num	 (+/-) 3 sigma 
2:	1.8571501881839E10	  (+/-)1.6441668610469527E9
3:	2.65770813338162E10	  (+/-)1.917575457238841E9
7:	2.524281809182E9	  (+/-)6.355263062967762E8
5:	1.8391196038326E9	  (+/-)5.435066563675343E8
10:	1.19548258146441E10	  (+/-)3.099799066487778E8
11:	7.374613093111976E8	  (+/-)8.713618740310659E7
2:	2.7262243539165604E10	  (+/-)1.937803061494532E9
12:	9.736515549702001E8	  (+/-)3.9641690276845556E8
12:	1.1900185671858E9	  (+/-)4.3799091500405383E8
18:	1.8391196038326E9	  (+/-)5.435066563675343E8
14:	2.163670122156E8	  (+/-)1.3233810212892962E8
4:	5.43439146920055E9	  (+/-)2.7490060265487033E8
6:	1.622752591617E8	  (+/-)1.1464261831551151E8
24:	9.28214482404924E10	  (+/-)2.7034025672981186E9
25:	3.8765756355295E9	  (+/-)7.845682004282985E8
25:	6.814821483516749E8	  (+/-)8.393210383626696E7
5:	1.081835061078E8	  (+/-)9.36334338868222E7
22:	6.76829020061938E8	  (+/-)8.365053305709176E7
28:	2.20874658303425E8	  (+/-)9.442836465489313E7

2020-02-01 20:06:35.708  INFO [main] io.github.mnyudina.motifs.Main:main(Main.java:98) Elapsed time = 59 sec 104 ms.
2020-02-03 08:27:03.280 DEBUG [main] io.github.mnyudina.motifs.Main:main(Main.java:53) Input arguments: -f graphs/my_polBlog.net -op 3scs,4scs -r 10000 
2020-02-03 08:27:03.288  INFO [main] io.github.mnyudina.motifs.Main:initGraph(Main.java:140) Loading graph from graphs/my_polBlog.net file.
2020-02-03 08:27:03.437  INFO [main] io.github.mnyudina.motifs.Main:initGraph(Main.java:144) Graph successfully loaded in 158 ms.
2020-02-03 08:27:03.437  INFO [main] io.github.mnyudina.motifs.Main:main(Main.java:65) Vertices = 1491.
2020-02-03 08:27:03.437  INFO [main] io.github.mnyudina.motifs.Main:main(Main.java:66) Arcs = 19024.
2020-02-03 08:27:03.718  INFO [main] io.github.mnyudina.motifs.Main:main(Main.java:93) RandMSF3Dir
0.0
0.0
2679.0
0.0
761.0
1316.0
970.0
282.6666666666667
154.33333333333334
1000.0
760.0
3.6666666666666665
30.333333333333332
142.66666666666666
165.33333333333334
59.0

2020-02-03 08:27:03.718  INFO [main] io.github.mnyudina.motifs.Main:main(Main.java:98) Elapsed time = 267 ms.
2020-02-03 08:27:05.138  INFO [main] io.github.mnyudina.motifs.Main:main(Main.java:93) id	 num	 (+/-) 3 sigma 
2:	2.0000656769100003E7	  (+/-)1245770.7357093194
3:	3919406.4513000003	  (+/-)600708.8996883619
1:	1.0929726933300002E7	  (+/-)968151.4659952195
7:	3345834.7755	  (+/-)556570.6249391219
5:	1593254.655	  (+/-)387328.03846951085
9:	3706972.4973000004	  (+/-)584809.0206645647
10:	1.059326392075E7	  (+/-)500904.4197441796
11:	525962.0577017317	  (+/-)88356.13110227429
12:	279084.14875761623	  (+/-)64711.207400690124
2:	1550767.8642000002	  (+/-)382206.3503343339
6:	4142462.103	  (+/-)616892.0721476637
10:	6468613.899300001	  (+/-)762043.4916637306
17:	74351.8839	  (+/-)84277.59919175523
1:	435489.6057	  (+/-)203617.44623713585
12:	212433.95400000003	  (+/-)142362.45220950112
9:	74351.8839	  (+/-)84277.59919175523
10:	934709.3976	  (+/-)297602.9106640948
13:	1965014.0745	  (+/-)429384.3464759443
12:	308029.2333	  (+/-)171349.7790549136
10:	456733.00110000005	  (+/-)208503.6553032519
18:	658545.2574	  (+/-)250126.97603897855
2:	626680.1643000001	  (+/-)244037.3129513887
7:	637301.8620000001	  (+/-)246084.35789241514
13:	1072791.4677000002	  (+/-)318618.90497204574
17:	138082.0701	  (+/-)114816.52348532804
17:	5310.84885	  (+/-)15931.749902755822
20:	58419.33735	  (+/-)52813.207611054204
3:	987817.8861	  (+/-)305863.5659256851
8:	807249.0252	  (+/-)276735.8128953118
14:	100906.12815	  (+/-)69382.35301401949
18:	63730.186200000004	  (+/-)55158.835120452146
14:	228366.50055000003	  (+/-)104251.82765162595
18:	440800.45455	  (+/-)144548.76944297645
21:	63730.186200000004	  (+/-)78029.79922222169
1:	191190.55860000002	  (+/-)135070.41275631764
5:	786005.6298	  (+/-)273097.7908131698
4:	2594796.005675	  (+/-)283085.8934402263
6:	74351.8839	  (+/-)59572.38598189018
7:	69041.03505	  (+/-)57408.26174266402
6:	33656.44329979802	  (+/-)22560.599250724787
8:	10621.6977	  (+/-)22529.770099137866
9:	159325.46550000002	  (+/-)87135.15389024338
22:	5399980.876675	  (+/-)391330.7310319807
22:	42486.7908	  (+/-)45046.01760300349
23:	201812.2563	  (+/-)98028.02729560171
24:	1476415.9803000002	  (+/-)373063.7670259136
25:	1136521.6539	  (+/-)327846.9027034771
25:	533346.8078607093	  (+/-)88898.04754029309
26:	180568.8609	  (+/-)131271.42144596553
5:	84973.5816	  (+/-)63679.18164104916
27:	122149.52355000001	  (+/-)76321.88712662278
22:	533346.8078607093	  (+/-)88898.04754029309
28:	53108.48850000001	  (+/-)35590.61305237528
29:	42486.7908	  (+/-)31839.59082052458
30:	154014.61665	  (+/-)85674.8895274568
31:	879826.0174689125	  (+/-)113373.06123426225
32:	2655.424425	  (+/-)7965.874951377911
10:	15932.546550000001	  (+/-)19507.44980555542
28:	53108.48850000001	  (+/-)35590.61305237528
33:	90284.43045	  (+/-)46371.922386114005
34:	11779.606228948924	  (+/-)9438.96009669266
35:	3080292.333	  (+/-)534716.7709430095
36:	5863177.1304	  (+/-)727703.8504156477
37:	6670426.1556	  (+/-)773056.3529310304
29:	148703.7678	  (+/-)119144.77196378035
40:	21243.3954	  (+/-)45059.54019827573
42:	223055.65170000002	  (+/-)145870.79516587697
43:	180568.8609	  (+/-)131271.42144596553
44:	1327712.2125000001	  (+/-)354028.9282483269
13:	817870.7229	  (+/-)278536.4588693537
31:	308029.2333	  (+/-)171349.7790549136
45:	138082.0701	  (+/-)114816.52348532804
46:	955952.7930000001	  (+/-)300935.39684831037
47:	1423307.4918000002	  (+/-)366385.3891925971
48:	17224.819383333335	  (+/-)19524.272257732842
12:	3536009.35055	  (+/-)325899.84680053947
30:	119555.02225991033	  (+/-)42437.73539057173
45:	50479.766846681916	  (+/-)27612.56506723714
51:	159325.46550000002	  (+/-)87135.15389024338
52:	63730.186200000004	  (+/-)55158.835120452146
53:	759882.9351675471	  (+/-)105612.58069034753
54:	311757.3745903292	  (+/-)68287.53577466593
55:	42486.7908	  (+/-)63717.43888790129
56:	106216.97700000001	  (+/-)100715.87631120507
57:	10621.6977	  (+/-)31863.499805511645
58:	148703.7678	  (+/-)119144.77196378035
60:	21243.3954	  (+/-)45059.54019827573
61:	233677.3494	  (+/-)149296.03775290336
10:	5310.84885	  (+/-)15931.749902755822
12:	5310.84885	  (+/-)15931.749902755822
5:	21243.3954	  (+/-)31858.719443950646
22:	26554.244250000003	  (+/-)35617.34946259568
27:	254920.74480000001	  (+/-)155918.99714596543
28:	424867.90800000005	  (+/-)201129.07513719454
29:	84973.5816	  (+/-)90092.03520600699
31:	191190.55860000002	  (+/-)135070.41275631764
30:	562949.9781000001	  (+/-)231365.81203440554
32:	5310.84885	  (+/-)15931.749902755822
22:	5310.84885	  (+/-)15931.749902755822
33:	15932.546550000001	  (+/-)27591.840411037098
39:	26554.244250000003	  (+/-)35617.34946259568
45:	5310.84885	  (+/-)15931.749902755822
45:	15932.546550000001	  (+/-)27591.840411037098
56:	69041.03505	  (+/-)57408.26174266402
6:	116838.6747	  (+/-)74648.01887645168
23:	10621.6977	  (+/-)22529.770099137866
28:	47797.639650000005	  (+/-)47776.125870467484
34:	5310.84885	  (+/-)15931.749902755822
40:	5310.84885	  (+/-)15931.749902755822
5:	5310.84885	  (+/-)15931.749902755822
24:	31865.093100000002	  (+/-)39014.89961111084
29:	26554.244250000003	  (+/-)35617.34946259568
35:	53108.48850000001	  (+/-)50357.93815560253
41:	63730.186200000004	  (+/-)55158.835120452146
47:	90284.43045	  (+/-)65635.71072298277
52:	47797.639650000005	  (+/-)47776.125870467484
58:	122149.52355000001	  (+/-)76321.88712662278
7:	2655.424425	  (+/-)7965.874951377911
25:	47797.639650000005	  (+/-)47776.125870467484
48:	7966.2732750000005	  (+/-)13795.920205518549
53:	7966.2732750000005	  (+/-)13795.920205518549
59:	155023.37445	  (+/-)58408.46742935476
6:	257766.88432482595	  (+/-)62155.64732518737
25:	164636.31435	  (+/-)88571.05973286618
31:	290140.0860038942	  (+/-)65892.19935924652
49:	42486.7908	  (+/-)45046.01760300349
54:	7966.2732750000005	  (+/-)13795.920205518549
60:	2655.424425	  (+/-)7965.874951377911
8:	15149.304775747525	  (+/-)10703.542685568065
26:	5310.84885	  (+/-)11264.885049568933
32:	95595.27930000001	  (+/-)47711.52632676146
38:	39831.366375000005	  (+/-)30830.09510862915
2:	21243.3954	  (+/-)31858.719443950646
10:	5310.84885	  (+/-)11264.885049568933
6:	10621.6977	  (+/-)15929.359721975323
15:	5310.84885	  (+/-)11264.885049568933
12:	23898.819825000002	  (+/-)23888.062935233742
17:	34520.517525	  (+/-)28704.13087133201
16:	39831.366375000005	  (+/-)30830.09510862915
18:	48840.43046561918	  (+/-)27173.907843840978
10:	21243.3954	  (+/-)31858.719443950646
33:	15932.546550000001	  (+/-)27591.840411037098
28:	169947.1632	  (+/-)89983.7731578399
34:	2963899.278175	  (+/-)300919.2815790982
35:	643019.9527316091	  (+/-)97356.35640594069
37:	678320.0223943102	  (+/-)99967.11160951178
23:	10621.6977	  (+/-)15929.359721975323
34:	7966.2732750000005	  (+/-)13795.920205518549
40:	15932.546550000001	  (+/-)19507.44980555542
51:	47797.639650000005	  (+/-)33767.60318907941
46:	45142.215225	  (+/-)32817.85536149138
57:	23898.819825000002	  (+/-)23888.062935233742
15:	45142.215225	  (+/-)32817.85536149138
34:	18587.970975	  (+/-)21069.399797938808

2020-02-03 08:27:05.150  INFO [main] io.github.mnyudina.motifs.Main:main(Main.java:98) Elapsed time = 1 sec 432 ms.
2020-02-03 08:27:05.876 DEBUG [main] io.github.mnyudina.motifs.Main:main(Main.java:53) Input arguments: -f graphs/PathwayCommons.net -op 4scs -r 10000 
2020-02-03 08:27:05.891  INFO [main] io.github.mnyudina.motifs.Main:initGraph(Main.java:140) Loading graph from graphs/PathwayCommons.net file.
2020-02-03 08:27:07.698  INFO [main] io.github.mnyudina.motifs.Main:initGraph(Main.java:144) Graph successfully loaded in 1 sec 796 ms.
2020-02-03 08:27:07.702  INFO [main] io.github.mnyudina.motifs.Main:main(Main.java:65) Vertices = 19987.
2020-02-03 08:27:07.702  INFO [main] io.github.mnyudina.motifs.Main:main(Main.java:66) Arcs = 824675.
2020-02-03 08:27:40.449  INFO [main] io.github.mnyudina.motifs.Main:main(Main.java:93) id	 num	 (+/-) 3 sigma 
2:	2.0356529732617702E10	  (+/-)1.7118445214194937E9
3:	2.6036163803277203E10	  (+/-)1.9012973427955205E9
7:	2.2357924595612E9	  (+/-)5.985941109608921E8
5:	1.8571501881839E9	  (+/-)5.461368161463006E8
10:	1.209266971816725E10	  (+/-)3.093465038544997E8
11:	6.517127205286624E8	  (+/-)8.214042969438115E7
2:	2.56214603631973E10	  (+/-)1.888628023860301E9
12:	9.736515549702001E8	  (+/-)3.9641690276845556E8
12:	7.392539584033E8	  (+/-)3.456454555070769E8
18:	2.0374560316969001E9	  (+/-)5.717452240300701E8
14:	1.1719879828345E8	  (+/-)9.745188905278414E7
4:	5.59312081265145E9	  (+/-)2.774501927999488E8
6:	1.80305843513E8	  (+/-)1.2083182347683105E8
24:	9.384919154851651E10	  (+/-)2.702313490654335E9
25:	4.0027897259886003E9	  (+/-)7.969527257768545E8
25:	6.144800149373463E8	  (+/-)7.989484062766165E7
5:	1.3522938263475E8	  (+/-)1.0466963871787454E8
22:	6.401105484115591E8	  (+/-)8.146550681812881E7
28:	2.5242818091820002E8	  (+/-)1.0091265595397262E8

2020-02-03 08:27:40.449  INFO [main] io.github.mnyudina.motifs.Main:main(Main.java:98) Elapsed time = 32 sec 755 ms.
