#
# There is insufficient memory for the Java Runtime Environment to continue.
# Native memory allocation (mmap) failed to map 6341787648 bytes for Failed to commit area from 0x0000000686000000 to 0x0000000800000000 of length 6341787648.
# Possible reasons:
#   The system is out of physical RAM or swap space
#   The process is running with CompressedOops enabled, and the Java Heap may be blocking the growth of the native heap
# Possible solutions:
#   Reduce memory load on the system
#   Increase physical memory or swap space
#   Check if swap backing store is full
#   Decrease Java heap size (-Xmx/-Xms)
#   Decrease number of Java threads
#   Decrease Java thread stack sizes (-Xss)
#   Set larger code cache with -XX:ReservedCodeCacheSize=
# This output file may be truncated or incomplete.
#
#  Out of Memory Error (t:/workspace/open/src/hotspot/os/windows/os_windows.cpp:3301), pid=9480, tid=6720
#
# JRE version:  (13.0.1+9) (build )
# Java VM: Java HotSpot(TM) 64-Bit Server VM (13.0.1+9, mixed mode, sharing, tiered, compressed oops, g1 gc, windows-amd64)
# No core dump will be written. Minidumps are not enabled by default on client versions of Windows
#

---------------  S U M M A R Y ------------

Command Line: -agentlib:jdwp=transport=dt_socket,address=127.0.0.1:58315,suspend=y,server=n -Xms6048m -Xmx6048m -javaagent:C:\Users\yudinev\.IdeaIC2019.3\system\captureAgent\debugger-agent.jar -Dfile.encoding=UTF-8 io.github.mnyudina.motifs.Main

Host: AMD A6-9225 RADEON R4, 5 COMPUTE CORES 2C+3G   , 2 cores, 3G,  Windows 10 , 64 bit Build 18362 (10.0.18362.329)
Time: Sat Feb  8 20:09:17 2020 Iineia noaiaa?oiia a?aiy elapsed time: 0 seconds (0d 0h 0m 0s)

---------------  T H R E A D  ---------------

Current thread (0x000001bbc6e1d800):  JavaThread "Unknown thread" [_thread_in_vm, id=6720, stack(0x0000003dc6400000,0x0000003dc6500000)]

Stack: [0x0000003dc6400000,0x0000003dc6500000]
Native frames: (J=compiled Java code, j=interpreted, Vv=VM code, C=native code)
V  [jvm.dll+0x626eca]
V  [jvm.dll+0x772c6a]
V  [jvm.dll+0x77441f]
V  [jvm.dll+0x774a23]
V  [jvm.dll+0x24da58]
V  [jvm.dll+0x62438a]
V  [jvm.dll+0x618f75]
V  [jvm.dll+0x30c61c]
V  [jvm.dll+0x30c452]
V  [jvm.dll+0x311bc6]
V  [jvm.dll+0x355ce6]
V  [jvm.dll+0x3554c0]
V  [jvm.dll+0x2e729a]
V  [jvm.dll+0x2e8532]
V  [jvm.dll+0x74fcd8]
V  [jvm.dll+0x363739]
V  [jvm.dll+0x732dc5]
V  [jvm.dll+0x3ce2ef]
V  [jvm.dll+0x3d0611]
C  [jli.dll+0x51ff]
C  [ucrtbase.dll+0x20e72]
C  [KERNEL32.DLL+0x17bd4]
C  [ntdll.dll+0x6ced1]


---------------  P R O C E S S  ---------------

Threads class SMR info:
_java_thread_list=0x00007fff399d46b8, length=0, elements={
}

Java Threads: ( => current thread )

Other Threads:
  0x000001bbc6e86800 GCTaskThread "GC Thread#0" [stack: 0x0000003dc6500000,0x0000003dc6600000] [id=12556]
  0x000001bbc6e9f800 ConcurrentGCThread "G1 Main Marker" [stack: 0x0000003dc6600000,0x0000003dc6700000] [id=10824]
  0x000001bbc6ea1000 ConcurrentGCThread "G1 Conc#0" [stack: 0x0000003dc6700000,0x0000003dc6800000] [id=12732]

[error occurred during error reporting (printing all threads), id 0xc0000005, EXCEPTION_ACCESS_VIOLATION (0xc0000005) at pc=0x00007fff39206f67]

VM state:not at safepoint (not fully initialized)

VM Mutex/Monitor currently owned by a thread:  ([mutex/lock_event])
[0x000001bbc6e1a760] Heap_lock - owner thread: 0x000001bbc6e1d800

Heap address: 0x0000000686000000, size: 6048 MB, Compressed Oops mode: Non-zero based: 0x0000000686000000
Narrow klass base: 0x0000000000000000, Narrow klass shift: 0

GC Heap History (0 events):
No events

Deoptimization events (0 events):
No events

Classes unloaded (0 events):
No events

Classes redefined (0 events):
No events

Internal exceptions (0 events):
No events

Events (2 events):
Event: 0.491 Loaded shared library C:\Program Files\Java\jdk-13.0.1\bin\zip.dll
Event: 0.495 Loaded shared library C:\Program Files\Java\jdk-13.0.1\bin\jimage.dll


Dynamic libraries:
0x00007ff6ced30000 - 0x00007ff6ced3f000 	C:\Program Files\Java\jdk-13.0.1\bin\java.exe
0x00007fff6da20000 - 0x00007fff6dc10000 	C:\Windows\SYSTEM32\ntdll.dll
0x00007fff6c910000 - 0x00007fff6c9c2000 	C:\Windows\System32\KERNEL32.DLL
0x00007fff6a9b0000 - 0x00007fff6ac53000 	C:\Windows\System32\KERNELBASE.dll
0x00007fff649f0000 - 0x00007fff64a08000 	C:\Program Files\Java\jdk-13.0.1\bin\jli.dll
0x00007fff6c370000 - 0x00007fff6c413000 	C:\Windows\System32\ADVAPI32.dll
0x00007fff6c860000 - 0x00007fff6c8fe000 	C:\Windows\System32\msvcrt.dll
0x00007fff6d940000 - 0x00007fff6d9d7000 	C:\Windows\System32\sechost.dll
0x00007fff6d820000 - 0x00007fff6d940000 	C:\Windows\System32\RPCRT4.dll
0x00007fff6ccd0000 - 0x00007fff6ce64000 	C:\Windows\System32\USER32.dll
0x00007fff6b8a0000 - 0x00007fff6b8c1000 	C:\Windows\System32\win32u.dll
0x00007fff6b720000 - 0x00007fff6b81a000 	C:\Windows\System32\ucrtbase.dll
0x00007fff606f0000 - 0x00007fff60705000 	C:\Program Files\Java\jdk-13.0.1\bin\VCRUNTIME140.dll
0x00007fff5bff0000 - 0x00007fff5c275000 	C:\Windows\WinSxS\amd64_microsoft.windows.common-controls_6595b64144ccf1df_6.0.18362.592_none_e6c0b1911312be02\COMCTL32.dll
0x00007fff6d4a0000 - 0x00007fff6d7d6000 	C:\Windows\System32\combase.dll
0x00007fff6b820000 - 0x00007fff6b8a0000 	C:\Windows\System32\bcryptPrimitives.dll
0x000001bbc4dd0000 - 0x000001bbc4df6000 	C:\Windows\System32\GDI32.dll
0x00007fff6b8d0000 - 0x00007fff6ba64000 	C:\Windows\System32\gdi32full.dll
0x00007fff6b430000 - 0x00007fff6b4ce000 	C:\Windows\System32\msvcp_win.dll
0x00007fff5d7b0000 - 0x00007fff5d7ba000 	C:\Windows\SYSTEM32\VERSION.dll
0x00007fff6d7f0000 - 0x00007fff6d81e000 	C:\Windows\System32\IMM32.DLL
0x00007fff5a310000 - 0x00007fff5a3ab000 	C:\Program Files\Java\jdk-13.0.1\bin\msvcp140.dll
0x00007fff38f10000 - 0x00007fff39a76000 	C:\Program Files\Java\jdk-13.0.1\bin\server\jvm.dll
0x00007fff6c900000 - 0x00007fff6c908000 	C:\Windows\System32\PSAPI.DLL
0x00007fff68c00000 - 0x00007fff68c09000 	C:\Windows\SYSTEM32\WSOCK32.dll
0x00007fff6ca40000 - 0x00007fff6caaf000 	C:\Windows\System32\WS2_32.dll
0x00007fff68a40000 - 0x00007fff68a64000 	C:\Windows\SYSTEM32\WINMM.dll
0x00007fff68a10000 - 0x00007fff68a3d000 	C:\Windows\SYSTEM32\WINMMBASE.dll
0x00007fff6ac60000 - 0x00007fff6acaa000 	C:\Windows\System32\cfgmgr32.dll
0x00007fff6a900000 - 0x00007fff6a911000 	C:\Windows\System32\kernel.appcore.dll
0x00007fff649e0000 - 0x00007fff649f0000 	C:\Program Files\Java\jdk-13.0.1\bin\verify.dll
0x00007fff5da40000 - 0x00007fff5dc34000 	C:\Windows\SYSTEM32\DBGHELP.DLL
0x00007fff5d8f0000 - 0x00007fff5d91a000 	C:\Windows\SYSTEM32\dbgcore.DLL
0x00007fff60410000 - 0x00007fff60436000 	C:\Program Files\Java\jdk-13.0.1\bin\java.dll
0x00007fff63200000 - 0x00007fff63238000 	C:\Program Files\Java\jdk-13.0.1\bin\jdwp.dll
0x00007fff66e70000 - 0x00007fff66e7e000 	C:\Program Files\Java\jdk-13.0.1\bin\instrument.dll
0x00007fff60560000 - 0x00007fff60577000 	C:\Program Files\Java\jdk-13.0.1\bin\zip.dll
0x00007fff609c0000 - 0x00007fff609ca000 	C:\Program Files\Java\jdk-13.0.1\bin\jimage.dll

dbghelp: loaded successfully - version: 4.0.5 - missing functions: none
symbol engine: initialized successfully - sym options: 0x614 - pdb path: .;C:\Program Files\Java\jdk-13.0.1\bin;C:\Windows\SYSTEM32;C:\Windows\WinSxS\amd64_microsoft.windows.common-controls_6595b64144ccf1df_6.0.18362.592_none_e6c0b1911312be02;C:\Program Files\Java\jdk-13.0.1\bin\server

VM Arguments:
jvm_args: -agentlib:jdwp=transport=dt_socket,address=127.0.0.1:58315,suspend=y,server=n -Xms6048m -Xmx6048m -javaagent:C:\Users\yudinev\.IdeaIC2019.3\system\captureAgent\debugger-agent.jar -Dfile.encoding=UTF-8 
java_command: io.github.mnyudina.motifs.Main
java_class_path (initial): C:\Users\yudinev\Desktop\DOC\Проекты\MFS\target\classes;C:\Users\yudinev\.m2\repository\net\sf\jung\jung-io\2.0.1\jung-io-2.0.1.jar;C:\Users\yudinev\.m2\repository\net\sf\jung\jung-api\2.0.1\jung-api-2.0.1.jar;C:\Users\yudinev\.m2\repository\net\sf\jung\jung-algorithms\2.0.1\jung-algorithms-2.0.1.jar;C:\Users\yudinev\.m2\repository\colt\colt\1.2.0\colt-1.2.0.jar;C:\Users\yudinev\.m2\repository\concurrent\concurrent\1.3.4\concurrent-1.3.4.jar;C:\Users\yudinev\.m2\repository\net\sourceforge\collections\collections-generic\4.01\collections-generic-4.01.jar;C:\Users\yudinev\.m2\repository\org\codehaus\woodstox\wstx-asl\3.2.6\wstx-asl-3.2.6.jar;C:\Users\yudinev\.m2\repository\stax\stax-api\1.0.1\stax-api-1.0.1.jar;C:\Users\yudinev\.m2\repository\net\sf\jung\jung-graph-impl\2.0.1\jung-graph-impl-2.0.1.jar;C:\Users\yudinev\.m2\repository\org\apache\commons\commons-collections4\4.0\commons-collections4-4.0.jar;C:\Users\yudinev\.m2\repository\commons-cli\commons-cli\1.2\commons-cli-1.2.jar;C:\Users\yudinev\.m2\repository\org\apache\logging\log4j\log4j-core\2.2\log4j-core-2.2.jar;C:\Users\yudinev\.m2\repository\org\apache\logging\log4j\log4j-api\2.2\log4j-api-2.2.jar;C:\Program Files\JetBrains\IntelliJ IDEA Community Edition 2019.3\lib\idea_rt.jar
Launcher Type: SUN_STANDARD

[Global flags]
     intx CICompilerCount                          = 2                                         {product} {ergonomic}
     uint ConcGCThreads                            = 1                                         {product} {ergonomic}
     uint G1ConcRefinementThreads                  = 2                                         {product} {ergonomic}
   size_t G1HeapRegionSize                         = 2097152                                   {product} {ergonomic}
    uintx GCDrainStackTargetSize                   = 64                                        {product} {ergonomic}
   size_t InitialHeapSize                          = 6341787648                                {product} {command line}
   size_t MarkStackSize                            = 4194304                                   {product} {ergonomic}
   size_t MaxHeapSize                              = 6341787648                                {product} {command line}
   size_t MinHeapDeltaBytes                        = 2097152                                   {product} {ergonomic}
   size_t MinHeapSize                              = 6341787648                                {product} {command line}
    uintx NonNMethodCodeHeapSize                   = 5825164                                {pd product} {ergonomic}
    uintx NonProfiledCodeHeapSize                  = 122916538                              {pd product} {ergonomic}
    uintx ProfiledCodeHeapSize                     = 122916538                              {pd product} {ergonomic}
    uintx ReservedCodeCacheSize                    = 251658240                              {pd product} {ergonomic}
     bool SegmentedCodeCache                       = true                                      {product} {ergonomic}
   size_t SoftMaxHeapSize                          = 6341787648                             {manageable} {ergonomic}
     bool UseCompressedClassPointers               = true                                 {lp64_product} {ergonomic}
     bool UseCompressedOops                        = true                                 {lp64_product} {ergonomic}
     bool UseG1GC                                  = true                                      {product} {ergonomic}
     bool UseLargePagesIndividualAllocation        = false                                  {pd product} {ergonomic}

Logging:
Log output configuration:
 #0: stdout all=warning uptime,level,tags
 #1: stderr all=off uptime,level,tags

Environment Variables:
JAVA_HOME=C:\Program Files\Java\jdk-13.0.1\bin
PATH=C:\Windows\system32;C:\Windows;C:\Windows\System32\Wbem;C:\Windows\System32\WindowsPowerShell\v1.0\;C:\Windows\System32\OpenSSH\;C:\Program Files\Git\cmd;C:\apache-maven-3.6.3\bin;C:\Program Files\Java\jdk-13.0.1\bin;C:\Users\yudinev\AppData\Local\Programs\Python\Python38-32\Scripts\;C:\Users\yudinev\AppData\Local\Programs\Python\Python38-32\;C:\Users\yudinev\AppData\Local\Microsoft\WindowsApps;C:\Program Files\JetBrains\IntelliJ IDEA Community Edition 2019.3\bin;;C:\Program Files\Java\jdk-13.0.1\bin;
USERNAME=yudinev
OS=Windows_NT
PROCESSOR_IDENTIFIER=AMD64 Family 21 Model 112 Stepping 0, AuthenticAMD



---------------  S Y S T E M  ---------------

OS: Windows 10 , 64 bit Build 18362 (10.0.18362.329)

CPU:total 2 (initial active 2) (2 cores per cpu, 1 threads per core) family 21 model 112 stepping 0, cmov, cx8, fxsr, mmx, sse, sse2, sse3, ssse3, sse4.1, sse4.2, popcnt, avx, avx2, aes, clmul, mmxext, 3dnowpref, lzcnt, sse4a, tsc, tscinvbit, tscinv, bmi1, bmi2, fma

Memory: 4k page, system-wide physical 3471M (441M free)
TotalPageFile size 13533M (AvailPageFile size 822M)
current process WorkingSet (physical memory assigned to process): 10M, peak: 10M
current process commit charge ("private bytes"): 48M, peak: 6096M

vm_info: Java HotSpot(TM) 64-Bit Server VM (13.0.1+9) for windows-amd64 JRE (13.0.1+9), built on Oct  6 2019 12:37:49 by "mach5one" with unknown MS VC++:1916

END.
